mode: atomic
github.com/armory/dinghy/pkg/log/dinghylog.go:44.73,46.2 1 0
github.com/armory/dinghy/pkg/log/dinghylog.go:48.62,50.2 1 0
github.com/armory/dinghy/pkg/log/dinghylog.go:52.53,54.2 1 0
github.com/armory/dinghy/pkg/log/dinghylog.go:56.50,57.29 1 0
github.com/armory/dinghy/pkg/log/dinghylog.go:57.29,59.3 1 0
github.com/armory/dinghy/pkg/log/dinghylog.go:62.49,63.29 1 0
github.com/armory/dinghy/pkg/log/dinghylog.go:63.29,65.3 1 0
github.com/armory/dinghy/pkg/log/dinghylog.go:68.50,69.29 1 0
github.com/armory/dinghy/pkg/log/dinghylog.go:69.29,71.3 1 0
github.com/armory/dinghy/pkg/log/dinghylog.go:74.49,75.29 1 0
github.com/armory/dinghy/pkg/log/dinghylog.go:75.29,77.3 1 0
github.com/armory/dinghy/pkg/log/dinghylog.go:80.52,81.29 1 0
github.com/armory/dinghy/pkg/log/dinghylog.go:81.29,83.3 1 0
github.com/armory/dinghy/pkg/log/dinghylog.go:86.50,87.29 1 0
github.com/armory/dinghy/pkg/log/dinghylog.go:87.29,89.3 1 0
github.com/armory/dinghy/pkg/log/dinghylog.go:92.50,93.29 1 0
github.com/armory/dinghy/pkg/log/dinghylog.go:93.29,95.3 1 0
github.com/armory/dinghy/pkg/log/dinghylog.go:98.50,99.29 1 0
github.com/armory/dinghy/pkg/log/dinghylog.go:99.29,101.3 1 0
github.com/armory/dinghy/pkg/log/dinghylog.go:109.80,110.32 1 1
github.com/armory/dinghy/pkg/log/dinghylog.go:113.2,113.47 1 0
github.com/armory/dinghy/pkg/log/dinghylog.go:110.32,112.3 1 1
github.com/armory/dinghy/pkg/log/dinghylog.go:116.64,117.29 1 0
github.com/armory/dinghy/pkg/log/dinghylog.go:117.29,119.3 1 0
github.com/armory/dinghy/pkg/log/dinghylog.go:122.63,123.29 1 0
github.com/armory/dinghy/pkg/log/dinghylog.go:123.29,125.3 1 0
github.com/armory/dinghy/pkg/log/dinghylog.go:128.64,129.29 1 0
github.com/armory/dinghy/pkg/log/dinghylog.go:129.29,131.3 1 0
github.com/armory/dinghy/pkg/log/dinghylog.go:134.63,135.29 1 0
github.com/armory/dinghy/pkg/log/dinghylog.go:135.29,137.3 1 0
github.com/armory/dinghy/pkg/log/dinghylog.go:140.66,141.29 1 0
github.com/armory/dinghy/pkg/log/dinghylog.go:141.29,143.3 1 0
github.com/armory/dinghy/pkg/log/dinghylog.go:146.64,147.29 1 0
github.com/armory/dinghy/pkg/log/dinghylog.go:147.29,149.3 1 0
github.com/armory/dinghy/pkg/log/dinghylog.go:152.64,153.29 1 0
github.com/armory/dinghy/pkg/log/dinghylog.go:153.29,155.3 1 0
github.com/armory/dinghy/pkg/log/dinghylog.go:158.64,159.29 1 0
github.com/armory/dinghy/pkg/log/dinghylog.go:159.29,161.3 1 0
github.com/armory/dinghy/pkg/log/dinghylog.go:164.48,165.29 1 0
github.com/armory/dinghy/pkg/log/dinghylog.go:165.29,167.3 1 0
github.com/armory/dinghy/pkg/log/dinghylog.go:170.47,171.29 1 0
github.com/armory/dinghy/pkg/log/dinghylog.go:171.29,173.3 1 0
github.com/armory/dinghy/pkg/log/dinghylog.go:176.48,177.29 1 0
github.com/armory/dinghy/pkg/log/dinghylog.go:177.29,179.3 1 0
github.com/armory/dinghy/pkg/log/dinghylog.go:182.47,183.29 1 0
github.com/armory/dinghy/pkg/log/dinghylog.go:183.29,185.3 1 0
github.com/armory/dinghy/pkg/log/dinghylog.go:188.50,189.29 1 0
github.com/armory/dinghy/pkg/log/dinghylog.go:189.29,191.3 1 0
github.com/armory/dinghy/pkg/log/dinghylog.go:194.48,195.29 1 0
github.com/armory/dinghy/pkg/log/dinghylog.go:195.29,197.3 1 0
github.com/armory/dinghy/pkg/log/dinghylog.go:200.48,201.29 1 0
github.com/armory/dinghy/pkg/log/dinghylog.go:201.29,203.3 1 0
github.com/armory/dinghy/pkg/log/dinghylog.go:206.48,207.29 1 0
github.com/armory/dinghy/pkg/log/dinghylog.go:207.29,209.3 1 0
github.com/armory/dinghy/pkg/log/dinghylog.go:221.57,237.2 6 1
github.com/armory/dinghy/pkg/cache/local/cache.go:31.40,32.16 1 2
github.com/armory/dinghy/pkg/cache/local/cache.go:35.2,37.14 3 2
github.com/armory/dinghy/pkg/cache/local/cache.go:32.16,34.3 1 1
github.com/armory/dinghy/pkg/cache/local/cache.go:41.40,42.16 1 2
github.com/armory/dinghy/pkg/cache/local/cache.go:46.2,49.10 4 2
github.com/armory/dinghy/pkg/cache/local/cache.go:42.16,45.3 2 0
github.com/armory/dinghy/pkg/cache/local/cache.go:53.27,55.2 1 0
github.com/armory/dinghy/pkg/git/dummy/download.go:29.79,30.36 1 0
github.com/armory/dinghy/pkg/git/dummy/download.go:35.2,35.41 1 0
github.com/armory/dinghy/pkg/git/dummy/download.go:30.36,31.47 1 0
github.com/armory/dinghy/pkg/git/dummy/download.go:31.47,33.4 1 0
github.com/armory/dinghy/pkg/git/dummy/download.go:39.71,41.2 1 0
github.com/armory/dinghy/pkg/git/dummy/download.go:44.77,53.2 8 0
github.com/armory/dinghy/pkg/git/dummy/push.go:32.47,33.35 1 0
github.com/armory/dinghy/pkg/git/dummy/push.go:38.2,38.14 1 0
github.com/armory/dinghy/pkg/git/dummy/push.go:33.35,34.19 1 0
github.com/armory/dinghy/pkg/git/dummy/push.go:34.19,36.4 1 0
github.com/armory/dinghy/pkg/git/dummy/push.go:42.33,44.2 1 0
github.com/armory/dinghy/pkg/git/dummy/push.go:47.30,49.2 1 0
github.com/armory/dinghy/pkg/git/dummy/push.go:52.29,54.2 1 0
github.com/armory/dinghy/pkg/git/dummy/push.go:57.32,59.2 1 0
github.com/armory/dinghy/pkg/git/dummy/push.go:62.50,64.2 1 0
github.com/armory/dinghy/pkg/git/dummy/push.go:67.67,69.2 0 0
github.com/armory/dinghy/pkg/git/dummy/push.go:71.62,73.2 1 0
github.com/armory/dinghy/pkg/git/dummy/push.go:76.38,78.2 1 0
github.com/armory/dinghy/pkg/git/dummy/push.go:81.30,83.2 1 0
github.com/armory/dinghy/pkg/cache/memory.go:32.32,34.2 1 0
github.com/armory/dinghy/pkg/cache/memory.go:37.32,43.2 1 26
github.com/armory/dinghy/pkg/cache/memory.go:49.35,51.2 1 4
github.com/armory/dinghy/pkg/cache/memory.go:53.46,54.26 1 64
github.com/armory/dinghy/pkg/cache/memory.go:59.2,59.11 1 52
github.com/armory/dinghy/pkg/cache/memory.go:54.26,55.21 1 33
github.com/armory/dinghy/pkg/cache/memory.go:55.21,57.4 1 12
github.com/armory/dinghy/pkg/cache/memory.go:63.67,65.2 1 0
github.com/armory/dinghy/pkg/cache/memory.go:67.61,69.2 1 0
github.com/armory/dinghy/pkg/cache/memory.go:72.60,73.37 1 18
github.com/armory/dinghy/pkg/cache/memory.go:77.2,81.38 4 18
github.com/armory/dinghy/pkg/cache/memory.go:85.2,85.30 1 18
github.com/armory/dinghy/pkg/cache/memory.go:97.2,97.38 1 18
github.com/armory/dinghy/pkg/cache/memory.go:107.2,107.34 1 18
github.com/armory/dinghy/pkg/cache/memory.go:73.37,75.3 1 7
github.com/armory/dinghy/pkg/cache/memory.go:81.38,83.3 1 6
github.com/armory/dinghy/pkg/cache/memory.go:85.30,86.49 1 28
github.com/armory/dinghy/pkg/cache/memory.go:86.49,89.4 2 2
github.com/armory/dinghy/pkg/cache/memory.go:89.9,90.39 1 26
github.com/armory/dinghy/pkg/cache/memory.go:93.4,93.29 1 26
github.com/armory/dinghy/pkg/cache/memory.go:90.39,92.5 1 19
github.com/armory/dinghy/pkg/cache/memory.go:97.38,98.59 1 4
github.com/armory/dinghy/pkg/cache/memory.go:102.3,102.60 1 4
github.com/armory/dinghy/pkg/cache/memory.go:98.59,100.4 1 4
github.com/armory/dinghy/pkg/cache/memory.go:102.60,104.4 1 4
github.com/armory/dinghy/pkg/cache/memory.go:107.34,108.50 1 28
github.com/armory/dinghy/pkg/cache/memory.go:112.3,112.49 1 28
github.com/armory/dinghy/pkg/cache/memory.go:108.50,110.4 1 26
github.com/armory/dinghy/pkg/cache/memory.go:112.49,114.4 1 26
github.com/armory/dinghy/pkg/cache/memory.go:121.68,123.13 2 4
github.com/armory/dinghy/pkg/cache/memory.go:127.2,134.17 6 4
github.com/armory/dinghy/pkg/cache/memory.go:155.2,156.33 2 4
github.com/armory/dinghy/pkg/cache/memory.go:160.2,161.29 2 4
github.com/armory/dinghy/pkg/cache/memory.go:165.2,165.31 1 4
github.com/armory/dinghy/pkg/cache/memory.go:123.13,125.3 1 0
github.com/armory/dinghy/pkg/cache/memory.go:134.17,139.16 3 17
github.com/armory/dinghy/pkg/cache/memory.go:147.3,147.39 1 17
github.com/armory/dinghy/pkg/cache/memory.go:139.16,141.30 2 13
github.com/armory/dinghy/pkg/cache/memory.go:141.30,143.5 1 7
github.com/armory/dinghy/pkg/cache/memory.go:147.39,148.45 1 17
github.com/armory/dinghy/pkg/cache/memory.go:148.45,151.5 2 13
github.com/armory/dinghy/pkg/cache/memory.go:156.33,158.3 1 13
github.com/armory/dinghy/pkg/cache/memory.go:161.29,163.3 1 7
github.com/armory/dinghy/pkg/cache/memory.go:169.52,172.2 2 0
github.com/armory/dinghy/pkg/cache/memory.go:175.29,176.22 1 0
github.com/armory/dinghy/pkg/cache/memory.go:176.22,180.31 4 0
github.com/armory/dinghy/pkg/cache/memory.go:183.3,184.32 2 0
github.com/armory/dinghy/pkg/cache/memory.go:187.3,187.27 1 0
github.com/armory/dinghy/pkg/cache/memory.go:180.31,182.4 1 0
github.com/armory/dinghy/pkg/cache/memory.go:184.32,186.4 1 0
github.com/armory/dinghy/pkg/cache/redis.go:39.40,41.2 1 2
github.com/armory/dinghy/pkg/cache/redis.go:44.142,51.18 2 1
github.com/armory/dinghy/pkg/cache/redis.go:54.2,54.11 1 1
github.com/armory/dinghy/pkg/cache/redis.go:51.18,53.3 1 1
github.com/armory/dinghy/pkg/cache/redis.go:57.38,60.6 3 1
github.com/armory/dinghy/pkg/cache/redis.go:60.6,61.10 1 1
github.com/armory/dinghy/pkg/cache/redis.go:62.18,63.54 1 0
github.com/armory/dinghy/pkg/cache/redis.go:73.4,73.13 1 0
github.com/armory/dinghy/pkg/cache/redis.go:74.23,75.10 1 0
github.com/armory/dinghy/pkg/cache/redis.go:63.54,66.19 3 0
github.com/armory/dinghy/pkg/cache/redis.go:71.5,71.13 1 0
github.com/armory/dinghy/pkg/cache/redis.go:66.19,70.6 3 0
github.com/armory/dinghy/pkg/cache/redis.go:81.60,86.16 4 0
github.com/armory/dinghy/pkg/cache/redis.go:94.2,95.41 2 0
github.com/armory/dinghy/pkg/cache/redis.go:98.2,98.27 1 0
github.com/armory/dinghy/pkg/cache/redis.go:101.2,102.28 2 0
github.com/armory/dinghy/pkg/cache/redis.go:107.2,108.27 2 0
github.com/armory/dinghy/pkg/cache/redis.go:111.2,111.41 1 0
github.com/armory/dinghy/pkg/cache/redis.go:114.2,115.27 2 0
github.com/armory/dinghy/pkg/cache/redis.go:120.2,121.72 2 0
github.com/armory/dinghy/pkg/cache/redis.go:124.2,124.69 1 0
github.com/armory/dinghy/pkg/cache/redis.go:128.2,128.35 1 0
github.com/armory/dinghy/pkg/cache/redis.go:135.2,135.32 1 0
github.com/armory/dinghy/pkg/cache/redis.go:86.16,89.3 2 0
github.com/armory/dinghy/pkg/cache/redis.go:95.41,97.3 1 0
github.com/armory/dinghy/pkg/cache/redis.go:98.27,100.3 1 0
github.com/armory/dinghy/pkg/cache/redis.go:102.28,104.3 1 0
github.com/armory/dinghy/pkg/cache/redis.go:108.27,110.3 1 0
github.com/armory/dinghy/pkg/cache/redis.go:111.41,113.3 1 0
github.com/armory/dinghy/pkg/cache/redis.go:115.27,117.3 1 0
github.com/armory/dinghy/pkg/cache/redis.go:121.72,123.3 1 0
github.com/armory/dinghy/pkg/cache/redis.go:124.69,126.3 1 0
github.com/armory/dinghy/pkg/cache/redis.go:128.35,130.64 2 0
github.com/armory/dinghy/pkg/cache/redis.go:130.64,132.4 1 0
github.com/armory/dinghy/pkg/cache/redis.go:135.32,137.64 2 0
github.com/armory/dinghy/pkg/cache/redis.go:137.64,139.4 1 0
github.com/armory/dinghy/pkg/cache/redis.go:144.52,146.2 1 0
github.com/armory/dinghy/pkg/cache/redis.go:148.56,153.38 4 0
github.com/armory/dinghy/pkg/cache/redis.go:178.2,178.14 1 0
github.com/armory/dinghy/pkg/cache/redis.go:153.38,161.17 6 0
github.com/armory/dinghy/pkg/cache/redis.go:166.3,166.39 1 0
github.com/armory/dinghy/pkg/cache/redis.go:170.3,170.34 1 0
github.com/armory/dinghy/pkg/cache/redis.go:161.17,163.9 2 0
github.com/armory/dinghy/pkg/cache/redis.go:166.39,168.4 1 0
github.com/armory/dinghy/pkg/cache/redis.go:170.34,171.45 1 0
github.com/armory/dinghy/pkg/cache/redis.go:171.45,174.5 2 0
github.com/armory/dinghy/pkg/cache/redis.go:182.67,187.25 4 0
github.com/armory/dinghy/pkg/cache/redis.go:191.2,191.12 1 0
github.com/armory/dinghy/pkg/cache/redis.go:187.25,190.3 2 0
github.com/armory/dinghy/pkg/cache/redis.go:194.61,196.2 1 0
github.com/armory/dinghy/pkg/cache/redis.go:198.65,203.28 4 0
github.com/armory/dinghy/pkg/cache/redis.go:207.2,207.27 1 0
github.com/armory/dinghy/pkg/cache/redis.go:203.28,206.3 2 0
github.com/armory/dinghy/pkg/cache/redis.go:211.30,217.2 4 1
github.com/armory/dinghy/pkg/cache/redis.go:221.51,227.6 6 0
github.com/armory/dinghy/pkg/cache/redis.go:243.2,243.44 1 0
github.com/armory/dinghy/pkg/cache/redis.go:256.2,256.15 1 0
github.com/armory/dinghy/pkg/cache/redis.go:227.6,230.17 3 0
github.com/armory/dinghy/pkg/cache/redis.go:234.3,234.28 1 0
github.com/armory/dinghy/pkg/cache/redis.go:238.3,238.18 1 0
github.com/armory/dinghy/pkg/cache/redis.go:230.17,233.4 2 0
github.com/armory/dinghy/pkg/cache/redis.go:234.28,236.4 1 0
github.com/armory/dinghy/pkg/cache/redis.go:238.18,239.9 1 0
github.com/armory/dinghy/pkg/cache/redis.go:243.44,245.24 2 0
github.com/armory/dinghy/pkg/cache/redis.go:248.3,248.41 1 0
github.com/armory/dinghy/pkg/cache/redis.go:245.24,246.12 1 0
github.com/armory/dinghy/pkg/cache/redis.go:248.41,250.49 2 0
github.com/armory/dinghy/pkg/cache/redis.go:250.49,252.5 1 0
github.com/armory/dinghy/pkg/cache/redis.go:260.55,265.23 4 0
github.com/armory/dinghy/pkg/cache/redis.go:270.2,270.18 1 0
github.com/armory/dinghy/pkg/cache/redis.go:265.23,268.3 2 0
github.com/armory/dinghy/pkg/cache/redis_readonly.go:35.69,37.2 0 0
github.com/armory/dinghy/pkg/cache/redis_readonly.go:40.60,42.2 1 0
github.com/armory/dinghy/pkg/cache/redis_readonly.go:45.75,47.2 1 0
github.com/armory/dinghy/pkg/cache/redis_readonly.go:49.69,51.2 1 0
github.com/armory/dinghy/pkg/cache/redis_readonly.go:54.39,55.2 0 0
github.com/armory/dinghy/pkg/git/stash/push.go:66.41,68.2 1 0
github.com/armory/dinghy/pkg/git/stash/push.go:71.41,73.2 1 6
github.com/armory/dinghy/pkg/git/stash/push.go:88.107,99.16 4 0
github.com/armory/dinghy/pkg/git/stash/push.go:104.2,107.17 4 0
github.com/armory/dinghy/pkg/git/stash/push.go:110.2,114.17 4 0
github.com/armory/dinghy/pkg/git/stash/push.go:117.2,117.16 1 0
github.com/armory/dinghy/pkg/git/stash/push.go:122.2,124.28 3 0
github.com/armory/dinghy/pkg/git/stash/push.go:129.2,130.16 2 0
github.com/armory/dinghy/pkg/git/stash/push.go:134.2,134.22 1 0
github.com/armory/dinghy/pkg/git/stash/push.go:137.2,137.34 1 0
github.com/armory/dinghy/pkg/git/stash/push.go:141.2,141.8 1 0
github.com/armory/dinghy/pkg/git/stash/push.go:99.16,102.3 2 0
github.com/armory/dinghy/pkg/git/stash/push.go:107.17,109.3 1 0
github.com/armory/dinghy/pkg/git/stash/push.go:114.17,116.3 1 0
github.com/armory/dinghy/pkg/git/stash/push.go:117.16,120.3 2 0
github.com/armory/dinghy/pkg/git/stash/push.go:124.28,128.3 3 0
github.com/armory/dinghy/pkg/git/stash/push.go:130.16,133.3 2 0
github.com/armory/dinghy/pkg/git/stash/push.go:134.22,136.3 1 0
github.com/armory/dinghy/pkg/git/stash/push.go:137.34,139.3 1 0
github.com/armory/dinghy/pkg/git/stash/push.go:153.65,164.37 2 0
github.com/armory/dinghy/pkg/git/stash/push.go:175.2,175.15 1 0
github.com/armory/dinghy/pkg/git/stash/push.go:164.37,165.32 1 0
github.com/armory/dinghy/pkg/git/stash/push.go:165.32,167.18 2 0
github.com/armory/dinghy/pkg/git/stash/push.go:171.4,171.21 1 0
github.com/armory/dinghy/pkg/git/stash/push.go:167.18,170.5 2 0
github.com/armory/dinghy/pkg/git/stash/push.go:179.47,180.38 1 3
github.com/armory/dinghy/pkg/git/stash/push.go:186.2,186.14 1 1
github.com/armory/dinghy/pkg/git/stash/push.go:180.38,182.34 2 5
github.com/armory/dinghy/pkg/git/stash/push.go:182.34,184.4 1 2
github.com/armory/dinghy/pkg/git/stash/push.go:190.33,192.2 1 0
github.com/armory/dinghy/pkg/git/stash/push.go:195.30,197.2 1 0
github.com/armory/dinghy/pkg/git/stash/push.go:200.29,202.2 1 0
github.com/armory/dinghy/pkg/git/stash/push.go:205.32,206.37 1 3
github.com/armory/dinghy/pkg/git/stash/push.go:211.2,211.11 1 0
github.com/armory/dinghy/pkg/git/stash/push.go:206.37,207.28 1 3
github.com/armory/dinghy/pkg/git/stash/push.go:207.28,209.4 1 3
github.com/armory/dinghy/pkg/git/stash/push.go:214.50,218.2 1 3
github.com/armory/dinghy/pkg/git/stash/push.go:220.42,221.26 1 3
github.com/armory/dinghy/pkg/git/stash/push.go:224.2,224.29 1 3
github.com/armory/dinghy/pkg/git/stash/push.go:221.26,223.3 1 0
github.com/armory/dinghy/pkg/git/stash/push.go:228.32,229.37 1 0
github.com/armory/dinghy/pkg/git/stash/push.go:234.2,234.14 1 0
github.com/armory/dinghy/pkg/git/stash/push.go:229.37,230.24 1 0
github.com/armory/dinghy/pkg/git/stash/push.go:230.24,232.4 1 0
github.com/armory/dinghy/pkg/git/stash/push.go:238.67,238.68 0 0
github.com/armory/dinghy/pkg/git/stash/push.go:241.62,243.2 1 0
github.com/armory/dinghy/pkg/git/stash/push.go:246.38,248.2 1 0
github.com/armory/dinghy/pkg/git/stash/push.go:251.30,253.2 1 0
github.com/armory/dinghy/pkg/git/stash/download.go:44.103,46.16 2 0
github.com/armory/dinghy/pkg/git/stash/download.go:50.2,50.17 1 0
github.com/armory/dinghy/pkg/git/stash/download.go:55.2,57.17 3 0
github.com/armory/dinghy/pkg/git/stash/download.go:60.2,60.16 1 0
github.com/armory/dinghy/pkg/git/stash/download.go:65.2,65.28 1 0
github.com/armory/dinghy/pkg/git/stash/download.go:70.2,72.16 3 0
github.com/armory/dinghy/pkg/git/stash/download.go:76.2,76.22 1 0
github.com/armory/dinghy/pkg/git/stash/download.go:83.2,83.34 1 0
github.com/armory/dinghy/pkg/git/stash/download.go:86.2,86.8 1 0
github.com/armory/dinghy/pkg/git/stash/download.go:46.16,49.3 2 0
github.com/armory/dinghy/pkg/git/stash/download.go:50.17,54.3 3 0
github.com/armory/dinghy/pkg/git/stash/download.go:57.17,59.3 1 0
github.com/armory/dinghy/pkg/git/stash/download.go:60.16,63.3 2 0
github.com/armory/dinghy/pkg/git/stash/download.go:65.28,68.3 2 0
github.com/armory/dinghy/pkg/git/stash/download.go:72.16,75.3 2 0
github.com/armory/dinghy/pkg/git/stash/download.go:76.22,77.30 1 0
github.com/armory/dinghy/pkg/git/stash/download.go:77.30,79.4 1 0
github.com/armory/dinghy/pkg/git/stash/download.go:79.9,81.4 1 0
github.com/armory/dinghy/pkg/git/stash/download.go:83.34,85.3 1 0
github.com/armory/dinghy/pkg/git/stash/download.go:91.80,94.16 3 0
github.com/armory/dinghy/pkg/git/stash/download.go:97.2,99.17 3 0
github.com/armory/dinghy/pkg/git/stash/download.go:107.2,109.17 3 0
github.com/armory/dinghy/pkg/git/stash/download.go:94.16,96.3 1 0
github.com/armory/dinghy/pkg/git/stash/download.go:99.17,101.17 2 0
github.com/armory/dinghy/pkg/git/stash/download.go:104.3,105.20 2 0
github.com/armory/dinghy/pkg/git/stash/download.go:101.17,103.4 1 0
github.com/armory/dinghy/pkg/git/stash/download.go:113.72,115.2 1 1
github.com/armory/dinghy/pkg/git/stash/download.go:118.78,126.2 7 1
github.com/armory/dinghy/pkg/util/errors.go:29.45,31.2 1 0
github.com/armory/dinghy/pkg/util/errors.go:39.53,44.35 2 2
github.com/armory/dinghy/pkg/util/errors.go:54.2,54.14 1 1
github.com/armory/dinghy/pkg/util/errors.go:44.35,46.17 2 3
github.com/armory/dinghy/pkg/util/errors.go:50.3,50.14 1 3
github.com/armory/dinghy/pkg/util/errors.go:46.17,49.4 1 0
github.com/armory/dinghy/pkg/util/errors.go:50.14,52.4 1 1
github.com/armory/dinghy/pkg/util/errors.go:57.48,59.2 1 0
github.com/armory/dinghy/pkg/util/http.go:27.65,31.2 3 0
github.com/armory/dinghy/pkg/util/json.go:26.56,31.2 4 0
github.com/armory/dinghy/pkg/util/json.go:34.57,36.46 2 1
github.com/armory/dinghy/pkg/util/json.go:41.2,41.12 1 1
github.com/armory/dinghy/pkg/util/json.go:36.46,40.3 1 0
github.com/armory/dinghy/pkg/util/misc.go:27.56,28.47 1 2
github.com/armory/dinghy/pkg/util/misc.go:32.2,33.19 2 1
github.com/armory/dinghy/pkg/util/misc.go:28.47,31.3 2 1
github.com/armory/dinghy/pkg/util/misc.go:39.62,40.47 1 0
github.com/armory/dinghy/pkg/util/misc.go:48.2,49.20 2 0
github.com/armory/dinghy/pkg/util/misc.go:52.2,53.19 2 0
github.com/armory/dinghy/pkg/util/misc.go:40.47,42.21 2 0
github.com/armory/dinghy/pkg/util/misc.go:45.3,46.13 2 0
github.com/armory/dinghy/pkg/util/misc.go:42.21,44.4 1 0
github.com/armory/dinghy/pkg/util/misc.go:49.20,51.3 1 0
github.com/armory/dinghy/pkg/util/plank_readonly.go:30.83,32.2 1 0
github.com/armory/dinghy/pkg/util/plank_readonly.go:34.95,36.2 1 0
github.com/armory/dinghy/pkg/util/plank_readonly.go:38.99,40.2 1 0
github.com/armory/dinghy/pkg/util/plank_readonly.go:42.69,44.2 1 0
github.com/armory/dinghy/pkg/util/plank_readonly.go:46.68,48.2 1 0
github.com/armory/dinghy/pkg/util/plank_readonly.go:50.80,52.16 2 0
github.com/armory/dinghy/pkg/util/plank_readonly.go:56.2,56.24 1 0
github.com/armory/dinghy/pkg/util/plank_readonly.go:62.2,62.19 1 0
github.com/armory/dinghy/pkg/util/plank_readonly.go:52.16,54.3 1 0
github.com/armory/dinghy/pkg/util/plank_readonly.go:56.24,57.35 1 0
github.com/armory/dinghy/pkg/util/plank_readonly.go:57.35,59.4 1 0
github.com/armory/dinghy/pkg/util/plank_readonly.go:65.62,67.2 1 0
github.com/armory/dinghy/pkg/util/plank_readonly.go:69.83,73.24 1 0
github.com/armory/dinghy/pkg/util/plank_readonly.go:77.2,79.12 3 0
github.com/armory/dinghy/pkg/util/plank_readonly.go:73.24,75.3 1 0
github.com/armory/dinghy/pkg/util/plank_readonly.go:82.44,84.2 1 0
github.com/armory/dinghy/pkg/util/plank_readonly.go:86.55,88.2 1 0
github.com/armory/dinghy/pkg/util/plank_readonly.go:90.50,91.2 0 0
github.com/armory/dinghy/pkg/preprocessor/iterator.go:25.38,31.2 1 5
github.com/armory/dinghy/pkg/preprocessor/iterator.go:33.32,34.14 1 1924
github.com/armory/dinghy/pkg/preprocessor/iterator.go:37.2,37.30 1 1924
github.com/armory/dinghy/pkg/preprocessor/iterator.go:34.14,36.3 1 0
github.com/armory/dinghy/pkg/preprocessor/iterator.go:40.32,42.2 1 3042
github.com/armory/dinghy/pkg/preprocessor/iterator.go:44.45,46.2 1 58
github.com/armory/dinghy/pkg/preprocessor/preprocessor.go:31.43,32.45 1 43
github.com/armory/dinghy/pkg/preprocessor/preprocessor.go:35.2,35.12 1 43
github.com/armory/dinghy/pkg/preprocessor/preprocessor.go:32.45,34.3 1 83
github.com/armory/dinghy/pkg/preprocessor/preprocessor.go:38.39,41.35 3 47
github.com/armory/dinghy/pkg/preprocessor/preprocessor.go:47.2,48.24 2 47
github.com/armory/dinghy/pkg/preprocessor/preprocessor.go:41.35,42.23 1 750
github.com/armory/dinghy/pkg/preprocessor/preprocessor.go:45.3,45.11 1 750
github.com/armory/dinghy/pkg/preprocessor/preprocessor.go:42.23,44.4 1 2
github.com/armory/dinghy/pkg/preprocessor/preprocessor.go:51.38,54.46 3 7
github.com/armory/dinghy/pkg/preprocessor/preprocessor.go:62.2,62.24 1 7
github.com/armory/dinghy/pkg/preprocessor/preprocessor.go:54.46,55.39 1 30
github.com/armory/dinghy/pkg/preprocessor/preprocessor.go:59.3,60.11 2 30
github.com/armory/dinghy/pkg/preprocessor/preprocessor.go:55.39,57.9 2 0
github.com/armory/dinghy/pkg/preprocessor/preprocessor.go:65.43,70.34 4 4
github.com/armory/dinghy/pkg/preprocessor/preprocessor.go:95.2,95.39 1 4
github.com/armory/dinghy/pkg/preprocessor/preprocessor.go:70.34,71.19 1 65
github.com/armory/dinghy/pkg/preprocessor/preprocessor.go:72.12,73.19 1 20
github.com/armory/dinghy/pkg/preprocessor/preprocessor.go:75.17,77.12 2 1
github.com/armory/dinghy/pkg/preprocessor/preprocessor.go:79.12,80.34 1 2
github.com/armory/dinghy/pkg/preprocessor/preprocessor.go:83.4,83.12 1 2
github.com/armory/dinghy/pkg/preprocessor/preprocessor.go:85.12,86.34 1 3
github.com/armory/dinghy/pkg/preprocessor/preprocessor.go:89.4,89.12 1 3
github.com/armory/dinghy/pkg/preprocessor/preprocessor.go:91.11,92.12 1 39
github.com/armory/dinghy/pkg/preprocessor/preprocessor.go:80.34,82.5 1 2
github.com/armory/dinghy/pkg/preprocessor/preprocessor.go:86.34,88.5 1 3
github.com/armory/dinghy/pkg/preprocessor/preprocessor.go:98.41,99.26 1 8
github.com/armory/dinghy/pkg/preprocessor/preprocessor.go:106.2,106.14 1 7
github.com/armory/dinghy/pkg/preprocessor/preprocessor.go:99.26,100.39 1 8
github.com/armory/dinghy/pkg/preprocessor/preprocessor.go:100.39,101.48 1 1
github.com/armory/dinghy/pkg/preprocessor/preprocessor.go:101.48,103.5 1 1
github.com/armory/dinghy/pkg/preprocessor/preprocessor.go:109.46,111.45 2 1
github.com/armory/dinghy/pkg/preprocessor/preprocessor.go:116.2,116.11 1 1
github.com/armory/dinghy/pkg/preprocessor/preprocessor.go:111.45,113.3 1 1
github.com/armory/dinghy/pkg/preprocessor/preprocessor.go:120.46,123.47 2 9
github.com/armory/dinghy/pkg/preprocessor/preprocessor.go:168.2,168.18 1 4
github.com/armory/dinghy/pkg/preprocessor/preprocessor.go:123.47,124.26 1 115
github.com/armory/dinghy/pkg/preprocessor/preprocessor.go:128.3,132.17 4 5
github.com/armory/dinghy/pkg/preprocessor/preprocessor.go:161.3,162.17 2 4
github.com/armory/dinghy/pkg/preprocessor/preprocessor.go:165.3,165.61 1 4
github.com/armory/dinghy/pkg/preprocessor/preprocessor.go:124.26,125.12 1 110
github.com/armory/dinghy/pkg/preprocessor/preprocessor.go:132.17,133.25 1 87
github.com/armory/dinghy/pkg/preprocessor/preprocessor.go:137.4,137.40 1 86
github.com/armory/dinghy/pkg/preprocessor/preprocessor.go:143.4,146.27 3 82
github.com/armory/dinghy/pkg/preprocessor/preprocessor.go:158.4,158.31 1 82
github.com/armory/dinghy/pkg/preprocessor/preprocessor.go:133.25,135.5 1 1
github.com/armory/dinghy/pkg/preprocessor/preprocessor.go:137.40,140.10 3 4
github.com/armory/dinghy/pkg/preprocessor/preprocessor.go:146.27,148.5 1 43
github.com/armory/dinghy/pkg/preprocessor/preprocessor.go:148.10,148.24 1 39
github.com/armory/dinghy/pkg/preprocessor/preprocessor.go:148.24,150.5 1 27
github.com/armory/dinghy/pkg/preprocessor/preprocessor.go:150.10,150.37 1 12
github.com/armory/dinghy/pkg/preprocessor/preprocessor.go:150.37,152.5 1 4
github.com/armory/dinghy/pkg/preprocessor/preprocessor.go:152.10,152.34 1 8
github.com/armory/dinghy/pkg/preprocessor/preprocessor.go:152.34,154.5 1 1
github.com/armory/dinghy/pkg/preprocessor/preprocessor.go:154.10,156.5 1 7
github.com/armory/dinghy/pkg/preprocessor/preprocessor.go:162.17,164.4 1 0
github.com/armory/dinghy/pkg/preprocessor/preprocessor.go:172.78,177.16 4 1
github.com/armory/dinghy/pkg/preprocessor/preprocessor.go:180.2,180.33 1 1
github.com/armory/dinghy/pkg/preprocessor/preprocessor.go:183.2,183.42 1 0
github.com/armory/dinghy/pkg/preprocessor/preprocessor.go:177.16,179.3 1 0
github.com/armory/dinghy/pkg/preprocessor/preprocessor.go:180.33,182.3 1 1
github.com/armory/dinghy/pkg/preprocessor/preprocessor.go:186.50,188.2 1 2
github.com/armory/dinghy/pkg/preprocessor/preprocessor.go:190.42,192.2 1 0
github.com/armory/dinghy/pkg/preprocessor/preprocessor.go:195.43,197.2 1 0
github.com/armory/dinghy/pkg/preprocessor/preprocessor.go:199.47,201.2 1 0
github.com/armory/dinghy/pkg/preprocessor/preprocessor.go:205.62,218.44 2 1
github.com/armory/dinghy/pkg/preprocessor/preprocessor.go:222.2,223.16 2 1
github.com/armory/dinghy/pkg/preprocessor/preprocessor.go:227.2,229.16 3 1
github.com/armory/dinghy/pkg/preprocessor/preprocessor.go:233.2,233.21 1 1
github.com/armory/dinghy/pkg/preprocessor/preprocessor.go:218.44,220.3 1 184
github.com/armory/dinghy/pkg/preprocessor/preprocessor.go:223.16,225.3 1 0
github.com/armory/dinghy/pkg/preprocessor/preprocessor.go:229.16,231.3 1 0
github.com/armory/dinghy/pkg/debug/http.go:23.86,28.2 1 1
github.com/armory/dinghy/pkg/debug/http.go:30.82,33.16 3 1
github.com/armory/dinghy/pkg/debug/http.go:36.2,38.16 3 1
github.com/armory/dinghy/pkg/debug/http.go:43.2,43.18 1 1
github.com/armory/dinghy/pkg/debug/http.go:33.16,35.3 1 0
github.com/armory/dinghy/pkg/debug/http.go:38.16,40.3 1 0
github.com/armory/dinghy/pkg/debug/http.go:40.8,42.3 1 1
github.com/armory/dinghy/pkg/debug/http.go:50.66,52.2 1 1
github.com/armory/dinghy/pkg/debug/http.go:54.73,55.38 1 1
github.com/armory/dinghy/pkg/debug/http.go:55.38,57.3 1 1
github.com/armory/dinghy/pkg/debug/http.go:60.74,61.38 1 1
github.com/armory/dinghy/pkg/debug/http.go:61.38,63.3 1 1
github.com/armory/dinghy/pkg/debug/http.go:66.110,74.2 5 1
github.com/armory/dinghy/pkg/debug/http.go:76.85,78.19 2 1
github.com/armory/dinghy/pkg/debug/http.go:81.2,82.15 2 1
github.com/armory/dinghy/pkg/debug/http.go:78.19,80.3 1 1
github.com/armory/dinghy/pkg/settings/load.go:46.36,49.16 2 2
github.com/armory/dinghy/pkg/settings/load.go:53.2,95.3 1 2
github.com/armory/dinghy/pkg/settings/load.go:49.16,51.3 1 0
github.com/armory/dinghy/pkg/settings/load.go:100.40,102.16 2 0
github.com/armory/dinghy/pkg/settings/load.go:105.2,106.16 2 0
github.com/armory/dinghy/pkg/settings/load.go:109.2,109.44 1 0
github.com/armory/dinghy/pkg/settings/load.go:112.2,112.22 1 0
github.com/armory/dinghy/pkg/settings/load.go:102.16,104.3 1 0
github.com/armory/dinghy/pkg/settings/load.go:106.16,108.3 1 0
github.com/armory/dinghy/pkg/settings/load.go:109.44,111.3 1 0
github.com/armory/dinghy/pkg/settings/load.go:115.80,116.85 1 3
github.com/armory/dinghy/pkg/settings/load.go:122.2,122.39 1 3
github.com/armory/dinghy/pkg/settings/load.go:140.2,140.77 1 3
github.com/armory/dinghy/pkg/settings/load.go:158.2,158.80 1 3
github.com/armory/dinghy/pkg/settings/load.go:164.2,164.78 1 3
github.com/armory/dinghy/pkg/settings/load.go:168.2,168.40 1 3
github.com/armory/dinghy/pkg/settings/load.go:172.2,175.30 3 3
github.com/armory/dinghy/pkg/settings/load.go:116.85,118.3 1 0
github.com/armory/dinghy/pkg/settings/load.go:122.39,124.69 1 2
github.com/armory/dinghy/pkg/settings/load.go:124.69,126.18 2 2
github.com/armory/dinghy/pkg/settings/load.go:129.4,130.18 2 2
github.com/armory/dinghy/pkg/settings/load.go:133.4,134.52 2 2
github.com/armory/dinghy/pkg/settings/load.go:126.18,128.5 1 0
github.com/armory/dinghy/pkg/settings/load.go:130.18,132.5 1 0
github.com/armory/dinghy/pkg/settings/load.go:140.77,142.68 1 3
github.com/armory/dinghy/pkg/settings/load.go:142.68,144.18 2 0
github.com/armory/dinghy/pkg/settings/load.go:147.4,148.18 2 0
github.com/armory/dinghy/pkg/settings/load.go:151.4,153.51 3 0
github.com/armory/dinghy/pkg/settings/load.go:144.18,146.5 1 0
github.com/armory/dinghy/pkg/settings/load.go:148.18,150.5 1 0
github.com/armory/dinghy/pkg/settings/load.go:158.80,161.3 2 0
github.com/armory/dinghy/pkg/settings/load.go:164.78,166.3 1 0
github.com/armory/dinghy/pkg/settings/load.go:168.40,170.3 1 1
github.com/armory/dinghy/pkg/settings/load.go:178.83,183.16 2 1
github.com/armory/dinghy/pkg/settings/load.go:186.2,186.33 1 1
github.com/armory/dinghy/pkg/settings/load.go:183.16,185.3 1 0
github.com/armory/dinghy/pkg/settings/load.go:189.39,194.16 4 0
github.com/armory/dinghy/pkg/settings/load.go:198.2,198.61 1 0
github.com/armory/dinghy/pkg/settings/load.go:202.2,202.35 1 0
github.com/armory/dinghy/pkg/settings/load.go:210.2,210.63 1 0
github.com/armory/dinghy/pkg/settings/load.go:214.2,214.20 1 0
github.com/armory/dinghy/pkg/settings/load.go:194.16,196.3 1 0
github.com/armory/dinghy/pkg/settings/load.go:198.61,200.3 1 0
github.com/armory/dinghy/pkg/settings/load.go:202.35,203.54 1 0
github.com/armory/dinghy/pkg/settings/load.go:203.54,204.75 1 0
github.com/armory/dinghy/pkg/settings/load.go:204.75,206.5 1 0
github.com/armory/dinghy/pkg/settings/load.go:210.63,212.3 1 0
github.com/armory/dinghy/pkg/settings/load.go:217.66,219.16 2 0
github.com/armory/dinghy/pkg/settings/load.go:222.2,223.16 2 0
github.com/armory/dinghy/pkg/settings/load.go:226.2,229.16 3 0
github.com/armory/dinghy/pkg/settings/load.go:232.2,233.16 2 0
github.com/armory/dinghy/pkg/settings/load.go:236.2,239.16 3 0
github.com/armory/dinghy/pkg/settings/load.go:242.2,243.16 2 0
github.com/armory/dinghy/pkg/settings/load.go:246.2,247.12 2 0
github.com/armory/dinghy/pkg/settings/load.go:219.16,221.3 1 0
github.com/armory/dinghy/pkg/settings/load.go:223.16,225.3 1 0
github.com/armory/dinghy/pkg/settings/load.go:229.16,231.3 1 0
github.com/armory/dinghy/pkg/settings/load.go:233.16,235.3 1 0
github.com/armory/dinghy/pkg/settings/load.go:239.16,241.3 1 0
github.com/armory/dinghy/pkg/settings/load.go:243.16,245.3 1 0
github.com/armory/dinghy/pkg/settings/settings.go:175.69,176.33 1 3
github.com/armory/dinghy/pkg/settings/settings.go:181.2,181.12 1 2
github.com/armory/dinghy/pkg/settings/settings.go:176.33,177.47 1 4
github.com/armory/dinghy/pkg/settings/settings.go:177.47,179.4 1 1
github.com/armory/dinghy/pkg/settings/settings.go:186.41,190.32 3 3
github.com/armory/dinghy/pkg/settings/settings.go:193.2,193.32 1 3
github.com/armory/dinghy/pkg/settings/settings.go:196.2,196.33 1 3
github.com/armory/dinghy/pkg/settings/settings.go:199.2,199.31 1 3
github.com/armory/dinghy/pkg/settings/settings.go:202.2,202.40 1 3
github.com/armory/dinghy/pkg/settings/settings.go:205.2,205.53 1 3
github.com/armory/dinghy/pkg/settings/settings.go:208.2,208.17 1 3
github.com/armory/dinghy/pkg/settings/settings.go:190.32,192.3 1 3
github.com/armory/dinghy/pkg/settings/settings.go:193.32,195.3 1 0
github.com/armory/dinghy/pkg/settings/settings.go:196.33,198.3 1 0
github.com/armory/dinghy/pkg/settings/settings.go:199.31,201.3 1 0
github.com/armory/dinghy/pkg/settings/settings.go:202.40,204.3 1 0
github.com/armory/dinghy/pkg/settings/settings.go:205.53,207.3 1 0
github.com/armory/dinghy/pkg/settings/settings.go:213.75,214.46 1 0
github.com/armory/dinghy/pkg/settings/settings.go:214.46,215.72 1 0
github.com/armory/dinghy/pkg/settings/settings.go:215.72,218.4 2 0
github.com/armory/dinghy/pkg/git/gitlab/download.go:44.80,51.16 4 1
github.com/armory/dinghy/pkg/git/gitlab/download.go:57.2,60.16 3 1
github.com/armory/dinghy/pkg/git/gitlab/download.go:65.2,68.17 3 1
github.com/armory/dinghy/pkg/git/gitlab/download.go:51.16,53.3 1 0
github.com/armory/dinghy/pkg/git/gitlab/download.go:60.16,63.3 2 0
github.com/armory/dinghy/pkg/git/gitlab/download.go:72.72,75.2 1 3
github.com/armory/dinghy/pkg/git/gitlab/download.go:78.78,87.2 8 1
github.com/armory/dinghy/pkg/git/gitlab/push.go:33.45,34.31 1 7
github.com/armory/dinghy/pkg/git/gitlab/push.go:42.2,42.14 1 4
github.com/armory/dinghy/pkg/git/gitlab/push.go:34.31,38.43 2 10
github.com/armory/dinghy/pkg/git/gitlab/push.go:38.43,40.4 1 3
github.com/armory/dinghy/pkg/git/gitlab/push.go:46.47,47.28 1 4
github.com/armory/dinghy/pkg/git/gitlab/push.go:50.2,50.36 1 3
github.com/armory/dinghy/pkg/git/gitlab/push.go:55.2,55.14 1 1
github.com/armory/dinghy/pkg/git/gitlab/push.go:47.28,49.3 1 1
github.com/armory/dinghy/pkg/git/gitlab/push.go:50.36,51.58 1 3
github.com/armory/dinghy/pkg/git/gitlab/push.go:51.58,53.4 1 2
github.com/armory/dinghy/pkg/git/gitlab/push.go:59.33,61.28 2 4
github.com/armory/dinghy/pkg/git/gitlab/push.go:64.2,64.36 1 4
github.com/armory/dinghy/pkg/git/gitlab/push.go:68.2,68.12 1 4
github.com/armory/dinghy/pkg/git/gitlab/push.go:61.28,63.3 1 0
github.com/armory/dinghy/pkg/git/gitlab/push.go:64.36,67.3 2 4
github.com/armory/dinghy/pkg/git/gitlab/push.go:72.30,74.2 1 1
github.com/armory/dinghy/pkg/git/gitlab/push.go:77.29,79.2 1 1
github.com/armory/dinghy/pkg/git/gitlab/push.go:82.32,84.2 1 6
github.com/armory/dinghy/pkg/git/gitlab/push.go:86.50,90.2 1 5
github.com/armory/dinghy/pkg/git/gitlab/push.go:93.32,95.2 1 2
github.com/armory/dinghy/pkg/git/gitlab/push.go:98.30,100.2 1 0
github.com/armory/dinghy/pkg/git/gitlab/push.go:104.87,112.16 3 1
github.com/armory/dinghy/pkg/git/gitlab/push.go:117.2,118.16 2 1
github.com/armory/dinghy/pkg/git/gitlab/push.go:121.2,122.16 2 1
github.com/armory/dinghy/pkg/git/gitlab/push.go:112.16,114.3 1 0
github.com/armory/dinghy/pkg/git/gitlab/push.go:118.16,120.3 1 0
github.com/armory/dinghy/pkg/git/gitlab/status.go:27.72,29.2 0 0
github.com/armory/dinghy/pkg/git/gitlab/status.go:31.62,33.2 1 0
github.com/armory/dinghy/pkg/git/gitlab/status.go:36.38,38.2 1 0
github.com/armory/dinghy/pkg/git/bbcloud/download.go:38.80,41.16 3 0
github.com/armory/dinghy/pkg/git/bbcloud/download.go:45.2,46.16 2 0
github.com/armory/dinghy/pkg/git/bbcloud/download.go:49.2,51.17 3 0
github.com/armory/dinghy/pkg/git/bbcloud/download.go:54.2,54.16 1 0
github.com/armory/dinghy/pkg/git/bbcloud/download.go:58.2,58.28 1 0
github.com/armory/dinghy/pkg/git/bbcloud/download.go:62.2,63.16 2 0
github.com/armory/dinghy/pkg/git/bbcloud/download.go:67.2,70.23 3 0
github.com/armory/dinghy/pkg/git/bbcloud/download.go:41.16,43.3 1 0
github.com/armory/dinghy/pkg/git/bbcloud/download.go:46.16,48.3 1 0
github.com/armory/dinghy/pkg/git/bbcloud/download.go:51.17,53.3 1 0
github.com/armory/dinghy/pkg/git/bbcloud/download.go:54.16,56.3 1 0
github.com/armory/dinghy/pkg/git/bbcloud/download.go:58.28,60.3 1 0
github.com/armory/dinghy/pkg/git/bbcloud/download.go:63.16,65.3 1 0
github.com/armory/dinghy/pkg/git/bbcloud/download.go:74.72,76.2 1 1
github.com/armory/dinghy/pkg/git/bbcloud/download.go:79.78,87.2 7 1
github.com/armory/dinghy/pkg/git/bbcloud/push.go:110.65,119.37 3 8
github.com/armory/dinghy/pkg/git/bbcloud/push.go:136.2,136.36 1 8
github.com/armory/dinghy/pkg/git/bbcloud/push.go:140.2,140.15 1 8
github.com/armory/dinghy/pkg/git/bbcloud/push.go:119.37,120.31 1 9
github.com/armory/dinghy/pkg/git/bbcloud/push.go:120.31,123.18 2 10
github.com/armory/dinghy/pkg/git/bbcloud/push.go:127.4,127.38 1 10
github.com/armory/dinghy/pkg/git/bbcloud/push.go:130.4,130.24 1 10
github.com/armory/dinghy/pkg/git/bbcloud/push.go:123.18,125.5 1 0
github.com/armory/dinghy/pkg/git/bbcloud/push.go:127.38,129.5 1 11
github.com/armory/dinghy/pkg/git/bbcloud/push.go:130.24,131.10 1 9
github.com/armory/dinghy/pkg/git/bbcloud/push.go:136.36,138.3 1 10
github.com/armory/dinghy/pkg/git/bbcloud/push.go:144.41,146.2 1 6
github.com/armory/dinghy/pkg/git/bbcloud/push.go:149.41,151.2 1 0
github.com/armory/dinghy/pkg/git/bbcloud/push.go:154.68,166.16 4 10
github.com/armory/dinghy/pkg/git/bbcloud/push.go:170.2,173.14 4 10
github.com/armory/dinghy/pkg/git/bbcloud/push.go:176.2,181.17 5 10
github.com/armory/dinghy/pkg/git/bbcloud/push.go:184.2,184.16 1 10
github.com/armory/dinghy/pkg/git/bbcloud/push.go:189.2,190.13 2 10
github.com/armory/dinghy/pkg/git/bbcloud/push.go:194.2,194.8 1 10
github.com/armory/dinghy/pkg/git/bbcloud/push.go:166.16,168.3 1 0
github.com/armory/dinghy/pkg/git/bbcloud/push.go:173.14,175.3 1 1
github.com/armory/dinghy/pkg/git/bbcloud/push.go:181.17,183.3 1 10
github.com/armory/dinghy/pkg/git/bbcloud/push.go:184.16,187.3 2 0
github.com/armory/dinghy/pkg/git/bbcloud/push.go:190.13,192.3 1 1
github.com/armory/dinghy/pkg/git/bbcloud/push.go:197.121,203.52 5 10
github.com/armory/dinghy/pkg/git/bbcloud/push.go:208.2,209.16 2 10
github.com/armory/dinghy/pkg/git/bbcloud/push.go:214.2,214.57 1 10
github.com/armory/dinghy/pkg/git/bbcloud/push.go:220.2,220.41 1 10
github.com/armory/dinghy/pkg/git/bbcloud/push.go:224.2,224.35 1 10
github.com/armory/dinghy/pkg/git/bbcloud/push.go:203.52,206.3 2 0
github.com/armory/dinghy/pkg/git/bbcloud/push.go:209.16,212.3 2 0
github.com/armory/dinghy/pkg/git/bbcloud/push.go:214.57,216.3 1 1
github.com/armory/dinghy/pkg/git/bbcloud/push.go:216.8,218.3 1 9
github.com/armory/dinghy/pkg/git/bbcloud/push.go:220.41,222.3 1 11
github.com/armory/dinghy/pkg/git/bbcloud/push.go:228.47,229.38 1 0
github.com/armory/dinghy/pkg/git/bbcloud/push.go:234.2,234.14 1 0
github.com/armory/dinghy/pkg/git/bbcloud/push.go:229.38,230.35 1 0
github.com/armory/dinghy/pkg/git/bbcloud/push.go:230.35,232.4 1 0
github.com/armory/dinghy/pkg/git/bbcloud/push.go:238.33,240.2 1 0
github.com/armory/dinghy/pkg/git/bbcloud/push.go:243.30,245.2 1 0
github.com/armory/dinghy/pkg/git/bbcloud/push.go:248.29,250.36 2 0
github.com/armory/dinghy/pkg/git/bbcloud/push.go:250.36,252.3 1 0
github.com/armory/dinghy/pkg/git/bbcloud/push.go:252.8,254.3 1 0
github.com/armory/dinghy/pkg/git/bbcloud/push.go:258.32,259.37 1 3
github.com/armory/dinghy/pkg/git/bbcloud/push.go:264.2,264.11 1 0
github.com/armory/dinghy/pkg/git/bbcloud/push.go:259.37,260.28 1 3
github.com/armory/dinghy/pkg/git/bbcloud/push.go:260.28,262.4 1 3
github.com/armory/dinghy/pkg/git/bbcloud/push.go:267.50,271.2 1 3
github.com/armory/dinghy/pkg/git/bbcloud/push.go:273.42,275.2 1 11
github.com/armory/dinghy/pkg/git/bbcloud/push.go:278.32,279.37 1 0
github.com/armory/dinghy/pkg/git/bbcloud/push.go:284.2,284.14 1 0
github.com/armory/dinghy/pkg/git/bbcloud/push.go:279.37,280.24 1 0
github.com/armory/dinghy/pkg/git/bbcloud/push.go:280.24,282.4 1 0
github.com/armory/dinghy/pkg/git/bbcloud/push.go:288.67,288.68 0 0
github.com/armory/dinghy/pkg/git/bbcloud/push.go:290.62,292.2 1 0
github.com/armory/dinghy/pkg/git/bbcloud/push.go:295.38,297.2 1 0
github.com/armory/dinghy/pkg/git/bbcloud/push.go:300.30,302.2 1 0
github.com/armory/dinghy/pkg/dinghyfile/plank_mock.go:25.67,29.2 3 19
github.com/armory/dinghy/pkg/dinghyfile/plank_mock.go:32.65,34.2 1 56
github.com/armory/dinghy/pkg/dinghyfile/plank_mock.go:37.57,42.2 4 0
github.com/armory/dinghy/pkg/dinghyfile/plank_mock.go:45.78,48.2 2 0
github.com/armory/dinghy/pkg/dinghyfile/plank_mock.go:51.76,56.2 4 1
github.com/armory/dinghy/pkg/dinghyfile/plank_mock.go:59.89,62.2 2 1
github.com/armory/dinghy/pkg/dinghyfile/plank_mock.go:65.69,70.2 4 1
github.com/armory/dinghy/pkg/dinghyfile/plank_mock.go:73.86,76.2 2 5
github.com/armory/dinghy/pkg/dinghyfile/plank_mock.go:79.51,82.2 2 0
github.com/armory/dinghy/pkg/dinghyfile/plank_mock.go:85.77,88.2 2 0
github.com/armory/dinghy/pkg/dinghyfile/plank_mock.go:91.83,97.2 5 12
github.com/armory/dinghy/pkg/dinghyfile/plank_mock.go:100.86,103.2 2 12
github.com/armory/dinghy/pkg/dinghyfile/plank_mock.go:106.102,112.2 5 2
github.com/armory/dinghy/pkg/dinghyfile/plank_mock.go:115.99,118.2 2 2
github.com/armory/dinghy/pkg/dinghyfile/plank_mock.go:121.79,127.2 5 19
github.com/armory/dinghy/pkg/dinghyfile/plank_mock.go:130.84,133.2 2 19
github.com/armory/dinghy/pkg/dinghyfile/plank_mock.go:136.46,141.2 4 0
github.com/armory/dinghy/pkg/dinghyfile/plank_mock.go:144.66,147.2 2 0
github.com/armory/dinghy/pkg/dinghyfile/plank_mock.go:150.75,155.2 4 1
github.com/armory/dinghy/pkg/dinghyfile/plank_mock.go:158.89,161.2 2 1
github.com/armory/dinghy/pkg/dinghyfile/plank_mock.go:164.107,169.2 4 1
github.com/armory/dinghy/pkg/dinghyfile/plank_mock.go:172.108,175.2 2 1
github.com/armory/dinghy/pkg/dinghyfile/plank_mock.go:178.82,183.2 4 14
github.com/armory/dinghy/pkg/dinghyfile/plank_mock.go:186.92,189.2 2 15
github.com/armory/dinghy/pkg/dinghyfile/test_common.go:40.53,42.2 1 0
github.com/armory/dinghy/pkg/dinghyfile/test_common.go:43.41,45.2 1 0
github.com/armory/dinghy/pkg/dinghyfile/test_common.go:46.46,46.74 1 0
github.com/armory/dinghy/pkg/dinghyfile/test_common.go:48.78,48.79 0 82
github.com/armory/dinghy/pkg/dinghyfile/test_common.go:51.49,60.2 1 66
github.com/armory/dinghy/pkg/dinghyfile/test_common.go:63.84,66.2 2 10
github.com/armory/dinghy/pkg/dinghyfile/test_common.go:68.35,75.2 1 68
github.com/armory/dinghy/pkg/dinghyfile/test_common.go:78.60,91.2 3 2
github.com/armory/dinghy/pkg/dinghyfile/unmarshal.go:36.77,38.16 2 24
github.com/armory/dinghy/pkg/dinghyfile/unmarshal.go:64.2,64.12 1 20
github.com/armory/dinghy/pkg/dinghyfile/unmarshal.go:38.16,40.10 2 4
github.com/armory/dinghy/pkg/dinghyfile/unmarshal.go:46.3,51.58 4 4
github.com/armory/dinghy/pkg/dinghyfile/unmarshal.go:56.3,61.13 4 4
github.com/armory/dinghy/pkg/dinghyfile/unmarshal.go:40.10,42.4 1 0
github.com/armory/dinghy/pkg/dinghyfile/unmarshal.go:51.58,53.4 1 2
github.com/armory/dinghy/pkg/dinghyfile/builder.go:91.33,103.2 1 22
github.com/armory/dinghy/pkg/dinghyfile/builder.go:114.83,118.28 3 14
github.com/armory/dinghy/pkg/dinghyfile/builder.go:125.2,137.29 2 14
github.com/armory/dinghy/pkg/dinghyfile/builder.go:142.2,145.34 2 12
github.com/armory/dinghy/pkg/dinghyfile/builder.go:148.2,148.35 1 12
github.com/armory/dinghy/pkg/dinghyfile/builder.go:152.2,152.15 1 12
github.com/armory/dinghy/pkg/dinghyfile/builder.go:118.28,119.55 1 14
github.com/armory/dinghy/pkg/dinghyfile/builder.go:119.55,122.12 3 2
github.com/armory/dinghy/pkg/dinghyfile/builder.go:137.29,141.3 3 2
github.com/armory/dinghy/pkg/dinghyfile/builder.go:145.34,147.3 1 7
github.com/armory/dinghy/pkg/dinghyfile/builder.go:148.35,150.3 1 8
github.com/armory/dinghy/pkg/dinghyfile/builder.go:156.84,171.39 4 12
github.com/armory/dinghy/pkg/dinghyfile/builder.go:182.2,182.13 1 12
github.com/armory/dinghy/pkg/dinghyfile/builder.go:185.2,185.20 1 12
github.com/armory/dinghy/pkg/dinghyfile/builder.go:190.2,190.12 1 9
github.com/armory/dinghy/pkg/dinghyfile/builder.go:171.39,173.56 2 6
github.com/armory/dinghy/pkg/dinghyfile/builder.go:177.3,177.52 1 6
github.com/armory/dinghy/pkg/dinghyfile/builder.go:173.56,176.4 2 2
github.com/armory/dinghy/pkg/dinghyfile/builder.go:177.52,180.4 2 3
github.com/armory/dinghy/pkg/dinghyfile/builder.go:182.13,184.3 1 2
github.com/armory/dinghy/pkg/dinghyfile/builder.go:185.20,189.3 3 3
github.com/armory/dinghy/pkg/dinghyfile/builder.go:194.91,208.16 3 9
github.com/armory/dinghy/pkg/dinghyfile/builder.go:213.2,213.12 1 8
github.com/armory/dinghy/pkg/dinghyfile/builder.go:208.16,212.3 3 1
github.com/armory/dinghy/pkg/dinghyfile/builder.go:221.63,223.2 1 2
github.com/armory/dinghy/pkg/dinghyfile/builder.go:226.93,227.21 1 10
github.com/armory/dinghy/pkg/dinghyfile/builder.go:232.2,233.16 2 10
github.com/armory/dinghy/pkg/dinghyfile/builder.go:244.2,246.16 3 8
github.com/armory/dinghy/pkg/dinghyfile/builder.go:251.2,255.16 4 7
github.com/armory/dinghy/pkg/dinghyfile/builder.go:260.2,263.16 3 6
github.com/armory/dinghy/pkg/dinghyfile/builder.go:268.2,270.38 2 6
github.com/armory/dinghy/pkg/dinghyfile/builder.go:280.2,281.26 2 5
github.com/armory/dinghy/pkg/dinghyfile/builder.go:227.21,231.3 2 1
github.com/armory/dinghy/pkg/dinghyfile/builder.go:233.16,236.25 3 2
github.com/armory/dinghy/pkg/dinghyfile/builder.go:236.25,239.4 2 0
github.com/armory/dinghy/pkg/dinghyfile/builder.go:239.9,242.4 2 2
github.com/armory/dinghy/pkg/dinghyfile/builder.go:246.16,250.3 3 1
github.com/armory/dinghy/pkg/dinghyfile/builder.go:255.16,259.3 3 1
github.com/armory/dinghy/pkg/dinghyfile/builder.go:263.16,267.3 3 0
github.com/armory/dinghy/pkg/dinghyfile/builder.go:270.38,272.3 1 1
github.com/armory/dinghy/pkg/dinghyfile/builder.go:272.8,273.121 1 5
github.com/armory/dinghy/pkg/dinghyfile/builder.go:273.121,277.4 3 1
github.com/armory/dinghy/pkg/dinghyfile/builder.go:284.42,290.25 2 3
github.com/armory/dinghy/pkg/dinghyfile/builder.go:297.2,297.12 1 3
github.com/armory/dinghy/pkg/dinghyfile/builder.go:290.25,292.67 2 0
github.com/armory/dinghy/pkg/dinghyfile/builder.go:292.67,294.4 1 0
github.com/armory/dinghy/pkg/dinghyfile/builder.go:306.49,308.2 1 0
github.com/armory/dinghy/pkg/dinghyfile/builder.go:311.84,315.38 4 3
github.com/armory/dinghy/pkg/dinghyfile/builder.go:319.2,325.45 3 3
github.com/armory/dinghy/pkg/dinghyfile/builder.go:351.2,351.20 1 3
github.com/armory/dinghy/pkg/dinghyfile/builder.go:364.2,364.12 1 2
github.com/armory/dinghy/pkg/dinghyfile/builder.go:315.38,318.3 1 0
github.com/armory/dinghy/pkg/dinghyfile/builder.go:325.45,327.46 2 4
github.com/armory/dinghy/pkg/dinghyfile/builder.go:327.46,328.37 1 4
github.com/armory/dinghy/pkg/dinghyfile/builder.go:343.4,343.74 1 4
github.com/armory/dinghy/pkg/dinghyfile/builder.go:328.37,330.39 2 1
github.com/armory/dinghy/pkg/dinghyfile/builder.go:330.39,334.74 3 1
github.com/armory/dinghy/pkg/dinghyfile/builder.go:334.74,336.7 1 0
github.com/armory/dinghy/pkg/dinghyfile/builder.go:336.12,339.7 2 1
github.com/armory/dinghy/pkg/dinghyfile/builder.go:343.74,346.5 2 1
github.com/armory/dinghy/pkg/dinghyfile/builder.go:351.20,353.39 2 1
github.com/armory/dinghy/pkg/dinghyfile/builder.go:358.3,359.37 2 1
github.com/armory/dinghy/pkg/dinghyfile/builder.go:362.3,362.79 1 1
github.com/armory/dinghy/pkg/dinghyfile/builder.go:353.39,355.4 1 0
github.com/armory/dinghy/pkg/dinghyfile/builder.go:355.9,357.4 1 1
github.com/armory/dinghy/pkg/dinghyfile/builder.go:359.37,361.4 1 1
github.com/armory/dinghy/pkg/dinghyfile/builder.go:368.136,371.16 3 12
github.com/armory/dinghy/pkg/dinghyfile/builder.go:399.2,399.96 1 11
github.com/armory/dinghy/pkg/dinghyfile/builder.go:407.2,410.28 4 11
github.com/armory/dinghy/pkg/dinghyfile/builder.go:414.2,415.30 2 11
github.com/armory/dinghy/pkg/dinghyfile/builder.go:440.2,440.17 1 9
github.com/armory/dinghy/pkg/dinghyfile/builder.go:459.2,459.12 1 9
github.com/armory/dinghy/pkg/dinghyfile/builder.go:371.16,374.10 3 1
github.com/armory/dinghy/pkg/dinghyfile/builder.go:378.3,378.39 1 1
github.com/armory/dinghy/pkg/dinghyfile/builder.go:374.10,377.4 2 0
github.com/armory/dinghy/pkg/dinghyfile/builder.go:378.39,381.57 2 1
github.com/armory/dinghy/pkg/dinghyfile/builder.go:381.57,384.5 2 1
github.com/armory/dinghy/pkg/dinghyfile/builder.go:385.9,388.4 2 0
github.com/armory/dinghy/pkg/dinghyfile/builder.go:389.8,390.85 1 11
github.com/armory/dinghy/pkg/dinghyfile/builder.go:390.85,392.26 2 1
github.com/armory/dinghy/pkg/dinghyfile/builder.go:392.26,395.5 2 0
github.com/armory/dinghy/pkg/dinghyfile/builder.go:399.96,402.22 3 1
github.com/armory/dinghy/pkg/dinghyfile/builder.go:402.22,404.4 1 0
github.com/armory/dinghy/pkg/dinghyfile/builder.go:410.28,413.3 2 10
github.com/armory/dinghy/pkg/dinghyfile/builder.go:415.30,418.40 2 12
github.com/armory/dinghy/pkg/dinghyfile/builder.go:428.3,428.25 1 12
github.com/armory/dinghy/pkg/dinghyfile/builder.go:433.3,433.58 1 12
github.com/armory/dinghy/pkg/dinghyfile/builder.go:438.3,438.37 1 10
github.com/armory/dinghy/pkg/dinghyfile/builder.go:418.40,423.4 4 5
github.com/armory/dinghy/pkg/dinghyfile/builder.go:423.9,427.4 3 7
github.com/armory/dinghy/pkg/dinghyfile/builder.go:428.25,431.4 2 11
github.com/armory/dinghy/pkg/dinghyfile/builder.go:433.58,437.4 3 2
github.com/armory/dinghy/pkg/dinghyfile/builder.go:440.17,444.17 3 2
github.com/armory/dinghy/pkg/dinghyfile/builder.go:444.17,446.4 1 1
github.com/armory/dinghy/pkg/dinghyfile/builder.go:446.9,447.35 1 1
github.com/armory/dinghy/pkg/dinghyfile/builder.go:447.35,448.28 1 3
github.com/armory/dinghy/pkg/dinghyfile/builder.go:448.28,450.55 2 1
github.com/armory/dinghy/pkg/dinghyfile/builder.go:450.55,454.7 1 1
github.com/armory/dinghy/pkg/dinghyfile/builder.go:463.78,467.16 4 17
github.com/armory/dinghy/pkg/dinghyfile/builder.go:471.2,471.30 1 16
github.com/armory/dinghy/pkg/dinghyfile/builder.go:474.2,474.17 1 16
github.com/armory/dinghy/pkg/dinghyfile/builder.go:467.16,470.3 2 1
github.com/armory/dinghy/pkg/dinghyfile/builder.go:471.30,473.3 1 13
github.com/armory/dinghy/pkg/dinghyfile/builder.go:479.85,481.16 2 6
github.com/armory/dinghy/pkg/dinghyfile/builder.go:484.2,485.12 2 5
github.com/armory/dinghy/pkg/dinghyfile/builder.go:488.2,492.16 2 2
github.com/armory/dinghy/pkg/dinghyfile/builder.go:497.2,497.45 1 1
github.com/armory/dinghy/pkg/dinghyfile/builder.go:481.16,483.3 1 1
github.com/armory/dinghy/pkg/dinghyfile/builder.go:485.12,487.3 1 3
github.com/armory/dinghy/pkg/dinghyfile/builder.go:492.16,496.3 3 1
github.com/armory/dinghy/pkg/dinghyfile/builder.go:500.59,502.2 1 1
github.com/armory/dinghy/pkg/dinghyfile/builder.go:504.104,505.32 1 6
github.com/armory/dinghy/pkg/dinghyfile/builder.go:505.32,506.39 1 1
github.com/armory/dinghy/pkg/dinghyfile/builder.go:506.39,507.28 1 0
github.com/armory/dinghy/pkg/dinghyfile/builder.go:507.28,509.5 1 0
github.com/armory/dinghy/pkg/dinghyfile/builder.go:510.9,512.4 1 1
github.com/armory/dinghy/pkg/dinghyfile/builder.go:516.95,518.68 2 6
github.com/armory/dinghy/pkg/dinghyfile/builder.go:523.2,523.32 1 6
github.com/armory/dinghy/pkg/dinghyfile/builder.go:518.68,519.103 1 2
github.com/armory/dinghy/pkg/dinghyfile/builder.go:519.103,521.4 1 0
github.com/armory/dinghy/pkg/dinghyfile/builder.go:523.32,524.39 1 1
github.com/armory/dinghy/pkg/dinghyfile/builder.go:524.39,525.28 1 0
github.com/armory/dinghy/pkg/dinghyfile/builder.go:525.28,527.5 1 0
github.com/armory/dinghy/pkg/dinghyfile/builder.go:528.9,530.4 1 1
github.com/armory/dinghy/pkg/dinghyfile/builder.go:534.64,538.46 3 9
github.com/armory/dinghy/pkg/dinghyfile/builder.go:541.2,541.67 1 4
github.com/armory/dinghy/pkg/dinghyfile/builder.go:538.46,540.3 1 5
github.com/armory/dinghy/pkg/dinghyfile/builder.go:545.65,551.47 4 9
github.com/armory/dinghy/pkg/dinghyfile/builder.go:556.2,556.18 1 9
github.com/armory/dinghy/pkg/dinghyfile/builder.go:551.47,552.31 1 18
github.com/armory/dinghy/pkg/dinghyfile/builder.go:552.31,554.4 1 5
github.com/armory/dinghy/pkg/dinghyfile/builder.go:559.75,563.16 3 6
github.com/armory/dinghy/pkg/dinghyfile/builder.go:568.2,568.22 1 6
github.com/armory/dinghy/pkg/dinghyfile/builder.go:571.2,571.16 1 6
github.com/armory/dinghy/pkg/dinghyfile/builder.go:563.16,565.3 1 4
github.com/armory/dinghy/pkg/dinghyfile/builder.go:565.8,567.3 1 2
github.com/armory/dinghy/pkg/dinghyfile/builder.go:568.22,570.3 1 2
github.com/armory/dinghy/pkg/dinghyfile/builder_mock.go:25.57,29.2 3 8
github.com/armory/dinghy/pkg/dinghyfile/builder_mock.go:32.55,34.2 1 9
github.com/armory/dinghy/pkg/dinghyfile/builder_mock.go:37.53,40.2 2 0
github.com/armory/dinghy/pkg/dinghyfile/builder_mock.go:43.74,46.2 2 0
github.com/armory/dinghy/pkg/dinghyfile/builder_mock.go:49.98,55.2 5 9
github.com/armory/dinghy/pkg/dinghyfile/builder_mock.go:58.97,61.2 2 9
github.com/armory/dinghy/pkg/dinghyfile/builder_mock.go:75.79,79.2 3 3
github.com/armory/dinghy/pkg/dinghyfile/builder_mock.go:82.77,84.2 1 4
github.com/armory/dinghy/pkg/dinghyfile/builder_mock.go:87.72,93.2 5 1
github.com/armory/dinghy/pkg/dinghyfile/builder_mock.go:96.87,99.2 2 1
github.com/armory/dinghy/pkg/dinghyfile/builder_mock.go:102.71,107.2 4 0
github.com/armory/dinghy/pkg/dinghyfile/builder_mock.go:110.96,113.2 2 0
github.com/armory/dinghy/pkg/dinghyfile/builder_mock.go:116.71,119.2 2 0
github.com/armory/dinghy/pkg/dinghyfile/builder_mock.go:122.93,125.2 2 0
github.com/armory/dinghy/pkg/dinghyfile/builder_mock.go:128.65,133.2 4 3
github.com/armory/dinghy/pkg/dinghyfile/builder_mock.go:136.87,139.2 2 3
github.com/armory/dinghy/pkg/dinghyfile/builder_mock.go:153.65,157.2 3 0
github.com/armory/dinghy/pkg/dinghyfile/builder_mock.go:160.63,162.2 1 0
github.com/armory/dinghy/pkg/dinghyfile/builder_mock.go:165.83,171.2 5 0
github.com/armory/dinghy/pkg/dinghyfile/builder_mock.go:174.98,177.2 2 0
github.com/armory/dinghy/pkg/dinghyfile/builder_mock.go:180.75,185.2 4 0
github.com/armory/dinghy/pkg/dinghyfile/builder_mock.go:188.99,191.2 2 0
github.com/armory/dinghy/pkg/dinghyfile/builder_mock.go:194.81,202.2 7 0
github.com/armory/dinghy/pkg/dinghyfile/builder_mock.go:205.79,208.2 2 0
github.com/armory/dinghy/pkg/dinghyfile/parse.go:44.64,46.2 1 42
github.com/armory/dinghy/pkg/dinghyfile/parse.go:48.59,50.2 1 0
github.com/armory/dinghy/pkg/dinghyfile/parse.go:52.68,54.57 2 29
github.com/armory/dinghy/pkg/dinghyfile/parse.go:62.2,62.16 1 29
github.com/armory/dinghy/pkg/dinghyfile/parse.go:66.2,66.12 1 29
github.com/armory/dinghy/pkg/dinghyfile/parse.go:54.57,55.24 1 25
github.com/armory/dinghy/pkg/dinghyfile/parse.go:58.3,58.24 1 25
github.com/armory/dinghy/pkg/dinghyfile/parse.go:55.24,57.4 1 1
github.com/armory/dinghy/pkg/dinghyfile/parse.go:58.24,60.4 1 3
github.com/armory/dinghy/pkg/dinghyfile/parse.go:62.16,64.3 1 1
github.com/armory/dinghy/pkg/dinghyfile/parse.go:70.131,71.63 1 134
github.com/armory/dinghy/pkg/dinghyfile/parse.go:71.63,73.3 1 39
github.com/armory/dinghy/pkg/dinghyfile/parse.go:76.170,78.15 1 40
github.com/armory/dinghy/pkg/dinghyfile/parse.go:83.2,84.39 2 39
github.com/armory/dinghy/pkg/dinghyfile/parse.go:88.2,89.19 2 39
github.com/armory/dinghy/pkg/dinghyfile/parse.go:94.2,95.35 2 39
github.com/armory/dinghy/pkg/dinghyfile/parse.go:117.2,118.16 2 38
github.com/armory/dinghy/pkg/dinghyfile/parse.go:122.2,122.29 1 36
github.com/armory/dinghy/pkg/dinghyfile/parse.go:78.15,80.3 1 1
github.com/armory/dinghy/pkg/dinghyfile/parse.go:84.39,86.3 1 37
github.com/armory/dinghy/pkg/dinghyfile/parse.go:89.19,91.3 1 1
github.com/armory/dinghy/pkg/dinghyfile/parse.go:95.35,97.10 2 26
github.com/armory/dinghy/pkg/dinghyfile/parse.go:103.3,104.34 2 25
github.com/armory/dinghy/pkg/dinghyfile/parse.go:114.3,114.41 1 25
github.com/armory/dinghy/pkg/dinghyfile/parse.go:97.10,100.4 2 1
github.com/armory/dinghy/pkg/dinghyfile/parse.go:104.34,105.36 1 13
github.com/armory/dinghy/pkg/dinghyfile/parse.go:105.36,106.32 1 4
github.com/armory/dinghy/pkg/dinghyfile/parse.go:106.32,107.72 1 6
github.com/armory/dinghy/pkg/dinghyfile/parse.go:107.72,110.7 2 4
github.com/armory/dinghy/pkg/dinghyfile/parse.go:118.16,121.3 2 2
github.com/armory/dinghy/pkg/dinghyfile/parse.go:126.70,127.47 1 68
github.com/armory/dinghy/pkg/dinghyfile/parse.go:127.47,128.27 1 3
github.com/armory/dinghy/pkg/dinghyfile/parse.go:138.3,139.17 2 3
github.com/armory/dinghy/pkg/dinghyfile/parse.go:142.3,142.12 1 3
github.com/armory/dinghy/pkg/dinghyfile/parse.go:128.27,129.47 1 3
github.com/armory/dinghy/pkg/dinghyfile/parse.go:133.4,133.52 1 3
github.com/armory/dinghy/pkg/dinghyfile/parse.go:129.47,132.5 2 2
github.com/armory/dinghy/pkg/dinghyfile/parse.go:133.52,136.5 2 0
github.com/armory/dinghy/pkg/dinghyfile/parse.go:139.17,141.4 1 1
github.com/armory/dinghy/pkg/dinghyfile/parse.go:147.69,149.43 1 32
github.com/armory/dinghy/pkg/dinghyfile/parse.go:159.2,159.52 1 29
github.com/armory/dinghy/pkg/dinghyfile/parse.go:169.2,169.12 1 27
github.com/armory/dinghy/pkg/dinghyfile/parse.go:149.43,151.17 2 3
github.com/armory/dinghy/pkg/dinghyfile/parse.go:155.3,155.21 1 2
github.com/armory/dinghy/pkg/dinghyfile/parse.go:151.17,154.4 2 1
github.com/armory/dinghy/pkg/dinghyfile/parse.go:159.52,161.17 2 2
github.com/armory/dinghy/pkg/dinghyfile/parse.go:165.3,165.21 1 1
github.com/armory/dinghy/pkg/dinghyfile/parse.go:161.17,164.4 2 1
github.com/armory/dinghy/pkg/dinghyfile/parse.go:172.63,173.69 1 66
github.com/armory/dinghy/pkg/dinghyfile/parse.go:173.69,174.27 1 36
github.com/armory/dinghy/pkg/dinghyfile/parse.go:180.3,180.26 1 13
github.com/armory/dinghy/pkg/dinghyfile/parse.go:200.3,200.12 1 1
github.com/armory/dinghy/pkg/dinghyfile/parse.go:174.27,175.42 1 41
github.com/armory/dinghy/pkg/dinghyfile/parse.go:175.42,177.5 1 23
github.com/armory/dinghy/pkg/dinghyfile/parse.go:180.26,183.27 2 12
github.com/armory/dinghy/pkg/dinghyfile/parse.go:198.4,198.24 1 11
github.com/armory/dinghy/pkg/dinghyfile/parse.go:183.27,184.20 1 11
github.com/armory/dinghy/pkg/dinghyfile/parse.go:184.20,190.30 2 1
github.com/armory/dinghy/pkg/dinghyfile/parse.go:190.30,191.44 1 2
github.com/armory/dinghy/pkg/dinghyfile/parse.go:191.44,194.8 2 1
github.com/armory/dinghy/pkg/dinghyfile/parse.go:204.73,206.2 1 2
github.com/armory/dinghy/pkg/dinghyfile/parse.go:209.104,229.16 6 74
github.com/armory/dinghy/pkg/dinghyfile/parse.go:237.2,238.16 2 70
github.com/armory/dinghy/pkg/dinghyfile/parse.go:246.2,246.53 1 68
github.com/armory/dinghy/pkg/dinghyfile/parse.go:271.2,272.46 2 66
github.com/armory/dinghy/pkg/dinghyfile/parse.go:281.2,292.16 3 66
github.com/armory/dinghy/pkg/dinghyfile/parse.go:300.2,302.16 3 65
github.com/armory/dinghy/pkg/dinghyfile/parse.go:310.2,311.24 2 61
github.com/armory/dinghy/pkg/dinghyfile/parse.go:314.2,315.85 2 61
github.com/armory/dinghy/pkg/dinghyfile/parse.go:325.2,329.17 4 61
github.com/armory/dinghy/pkg/dinghyfile/parse.go:229.16,234.3 3 4
github.com/armory/dinghy/pkg/dinghyfile/parse.go:238.16,243.3 4 2
github.com/armory/dinghy/pkg/dinghyfile/parse.go:246.53,249.17 3 16
github.com/armory/dinghy/pkg/dinghyfile/parse.go:256.3,257.10 2 15
github.com/armory/dinghy/pkg/dinghyfile/parse.go:266.3,266.39 1 14
github.com/armory/dinghy/pkg/dinghyfile/parse.go:249.17,254.4 4 1
github.com/armory/dinghy/pkg/dinghyfile/parse.go:257.10,261.4 3 1
github.com/armory/dinghy/pkg/dinghyfile/parse.go:261.9,261.28 1 14
github.com/armory/dinghy/pkg/dinghyfile/parse.go:261.28,263.4 1 6
github.com/armory/dinghy/pkg/dinghyfile/parse.go:263.9,265.4 1 8
github.com/armory/dinghy/pkg/dinghyfile/parse.go:272.46,274.3 1 0
github.com/armory/dinghy/pkg/dinghyfile/parse.go:292.16,297.3 4 1
github.com/armory/dinghy/pkg/dinghyfile/parse.go:302.16,307.3 4 4
github.com/armory/dinghy/pkg/dinghyfile/parse.go:311.24,313.3 1 33
github.com/armory/dinghy/pkg/dinghyfile/parse.go:315.85,317.20 2 14
github.com/armory/dinghy/pkg/dinghyfile/parse.go:322.3,322.103 1 14
github.com/armory/dinghy/pkg/dinghyfile/parse.go:317.20,321.4 3 0
github.com/armory/dinghy/pkg/dinghyfile/parse.go:332.136,333.63 1 66
github.com/armory/dinghy/pkg/dinghyfile/parse.go:333.63,334.69 1 1
github.com/armory/dinghy/pkg/dinghyfile/parse.go:334.69,336.4 1 0
github.com/armory/dinghy/pkg/dinghyfile/parse.go:336.9,338.4 1 1
github.com/armory/dinghy/pkg/web/decorators.go:15.65,16.39 1 9
github.com/armory/dinghy/pkg/web/decorators.go:16.39,18.54 2 9
github.com/armory/dinghy/pkg/web/decorators.go:22.3,22.16 1 9
github.com/armory/dinghy/pkg/web/decorators.go:18.54,21.4 2 0
github.com/armory/dinghy/pkg/web/decorators.go:28.58,29.39 1 0
github.com/armory/dinghy/pkg/web/decorators.go:29.39,32.23 3 0
github.com/armory/dinghy/pkg/web/decorators.go:35.3,35.16 1 0
github.com/armory/dinghy/pkg/web/decorators.go:32.23,34.4 1 0
github.com/armory/dinghy/pkg/web/decorators.go:41.71,42.39 1 0
github.com/armory/dinghy/pkg/web/decorators.go:42.39,42.56 1 0
github.com/armory/dinghy/pkg/web/decorators.go:45.86,47.23 2 9
github.com/armory/dinghy/pkg/web/decorators.go:54.2,54.22 1 0
github.com/armory/dinghy/pkg/web/decorators.go:47.23,48.27 1 9
github.com/armory/dinghy/pkg/web/decorators.go:52.3,52.48 1 0
github.com/armory/dinghy/pkg/web/decorators.go:48.27,50.12 2 9
github.com/armory/dinghy/pkg/web/middleware.go:37.61,40.2 2 0
github.com/armory/dinghy/pkg/web/middleware.go:41.71,45.2 3 0
github.com/armory/dinghy/pkg/web/middleware.go:47.60,48.71 1 0
github.com/armory/dinghy/pkg/web/middleware.go:48.71,56.16 4 0
github.com/armory/dinghy/pkg/web/middleware.go:61.3,61.32 1 0
github.com/armory/dinghy/pkg/web/middleware.go:56.16,60.4 3 0
github.com/armory/dinghy/pkg/web/middleware.go:71.70,73.9 2 9
github.com/armory/dinghy/pkg/web/middleware.go:76.2,76.16 1 0
github.com/armory/dinghy/pkg/web/middleware.go:73.9,75.3 1 9
github.com/armory/dinghy/pkg/web/middleware.go:89.67,93.14 3 0
github.com/armory/dinghy/pkg/web/middleware.go:120.2,120.11 1 0
github.com/armory/dinghy/pkg/web/middleware.go:93.14,96.24 2 0
github.com/armory/dinghy/pkg/web/middleware.go:96.24,99.4 1 0
github.com/armory/dinghy/pkg/web/middleware.go:100.8,104.17 2 0
github.com/armory/dinghy/pkg/web/middleware.go:107.3,117.16 9 0
github.com/armory/dinghy/pkg/web/middleware.go:104.17,106.4 1 0
github.com/armory/dinghy/pkg/web/middleware.go:117.16,117.40 1 0
github.com/armory/dinghy/pkg/web/routes.go:71.164,73.2 1 10
github.com/armory/dinghy/pkg/web/routes.go:91.253,104.2 1 12
github.com/armory/dinghy/pkg/web/routes.go:106.72,108.2 1 0
github.com/armory/dinghy/pkg/web/routes.go:110.60,112.2 1 0
github.com/armory/dinghy/pkg/web/routes.go:118.53,120.2 1 0
github.com/armory/dinghy/pkg/web/routes.go:123.56,140.2 15 1
github.com/armory/dinghy/pkg/web/routes.go:146.69,148.16 2 0
github.com/armory/dinghy/pkg/web/routes.go:151.2,152.22 2 0
github.com/armory/dinghy/pkg/web/routes.go:148.17,150.3 0 0
github.com/armory/dinghy/pkg/web/routes.go:155.71,158.2 2 3
github.com/armory/dinghy/pkg/web/routes.go:160.79,185.79 12 0
github.com/armory/dinghy/pkg/web/routes.go:185.79,187.3 1 0
github.com/armory/dinghy/pkg/web/routes.go:190.80,198.16 6 2
github.com/armory/dinghy/pkg/web/routes.go:203.2,204.49 2 0
github.com/armory/dinghy/pkg/web/routes.go:210.2,210.17 1 0
github.com/armory/dinghy/pkg/web/routes.go:216.2,219.13 3 0
github.com/armory/dinghy/pkg/web/routes.go:231.2,240.114 7 0
github.com/armory/dinghy/pkg/web/routes.go:246.2,246.73 1 0
github.com/armory/dinghy/pkg/web/routes.go:198.16,202.3 3 0
github.com/armory/dinghy/pkg/web/routes.go:204.49,208.3 3 0
github.com/armory/dinghy/pkg/web/routes.go:210.17,214.3 2 0
github.com/armory/dinghy/pkg/web/routes.go:219.13,223.53 4 0
github.com/armory/dinghy/pkg/web/routes.go:223.53,224.89 1 0
github.com/armory/dinghy/pkg/web/routes.go:224.89,227.5 2 0
github.com/armory/dinghy/pkg/web/routes.go:240.114,241.25 1 0
github.com/armory/dinghy/pkg/web/routes.go:241.25,243.4 1 0
github.com/armory/dinghy/pkg/web/routes.go:249.61,250.26 1 0
github.com/armory/dinghy/pkg/web/routes.go:253.2,253.36 1 0
github.com/armory/dinghy/pkg/web/routes.go:258.2,258.14 1 0
github.com/armory/dinghy/pkg/web/routes.go:250.26,252.3 1 0
github.com/armory/dinghy/pkg/web/routes.go:253.36,254.22 1 0
github.com/armory/dinghy/pkg/web/routes.go:254.22,256.4 1 0
github.com/armory/dinghy/pkg/web/routes.go:261.180,263.86 2 0
github.com/armory/dinghy/pkg/web/routes.go:285.2,288.40 3 0
github.com/armory/dinghy/pkg/web/routes.go:294.2,294.109 1 0
github.com/armory/dinghy/pkg/web/routes.go:263.86,265.29 1 0
github.com/armory/dinghy/pkg/web/routes.go:269.3,269.31 1 0
github.com/armory/dinghy/pkg/web/routes.go:265.29,268.4 2 0
github.com/armory/dinghy/pkg/web/routes.go:270.8,272.128 2 0
github.com/armory/dinghy/pkg/web/routes.go:272.128,273.36 1 0
github.com/armory/dinghy/pkg/web/routes.go:273.36,276.5 2 0
github.com/armory/dinghy/pkg/web/routes.go:276.10,279.5 2 0
github.com/armory/dinghy/pkg/web/routes.go:280.9,283.4 2 0
github.com/armory/dinghy/pkg/web/routes.go:288.40,292.3 2 0
github.com/armory/dinghy/pkg/web/routes.go:297.150,298.52 1 0
github.com/armory/dinghy/pkg/web/routes.go:306.2,306.19 1 0
github.com/armory/dinghy/pkg/web/routes.go:298.52,299.32 1 0
github.com/armory/dinghy/pkg/web/routes.go:299.32,301.99 2 0
github.com/armory/dinghy/pkg/web/routes.go:301.99,303.5 1 0
github.com/armory/dinghy/pkg/web/routes.go:309.40,312.16 3 0
github.com/armory/dinghy/pkg/web/routes.go:316.2,317.30 2 0
github.com/armory/dinghy/pkg/web/routes.go:320.2,320.11 1 0
github.com/armory/dinghy/pkg/web/routes.go:312.16,314.3 1 0
github.com/armory/dinghy/pkg/web/routes.go:317.30,319.3 1 0
github.com/armory/dinghy/pkg/web/routes.go:323.47,326.2 1 0
github.com/armory/dinghy/pkg/web/routes.go:328.80,336.16 6 0
github.com/armory/dinghy/pkg/web/routes.go:341.2,344.16 3 0
github.com/armory/dinghy/pkg/web/routes.go:355.2,355.61 1 0
github.com/armory/dinghy/pkg/web/routes.go:336.16,340.3 3 0
github.com/armory/dinghy/pkg/web/routes.go:344.16,345.61 1 0
github.com/armory/dinghy/pkg/web/routes.go:350.3,353.9 4 0
github.com/armory/dinghy/pkg/web/routes.go:345.61,349.4 3 0
github.com/armory/dinghy/pkg/web/routes.go:358.79,365.16 6 2
github.com/armory/dinghy/pkg/web/routes.go:370.2,372.55 3 0
github.com/armory/dinghy/pkg/web/routes.go:378.2,387.16 5 0
github.com/armory/dinghy/pkg/web/routes.go:397.2,402.60 3 0
github.com/armory/dinghy/pkg/web/routes.go:365.16,369.3 3 0
github.com/armory/dinghy/pkg/web/routes.go:372.55,376.3 3 0
github.com/armory/dinghy/pkg/web/routes.go:387.16,392.3 4 0
github.com/armory/dinghy/pkg/web/routes.go:405.83,411.16 5 5
github.com/armory/dinghy/pkg/web/routes.go:416.2,419.49 3 0
github.com/armory/dinghy/pkg/web/routes.go:427.2,427.44 1 0
github.com/armory/dinghy/pkg/web/routes.go:432.2,432.28 1 0
github.com/armory/dinghy/pkg/web/routes.go:411.16,415.3 3 0
github.com/armory/dinghy/pkg/web/routes.go:419.49,423.3 3 0
github.com/armory/dinghy/pkg/web/routes.go:427.44,430.3 2 0
github.com/armory/dinghy/pkg/web/routes.go:433.44,438.17 4 0
github.com/armory/dinghy/pkg/web/routes.go:443.3,445.56 3 0
github.com/armory/dinghy/pkg/web/routes.go:451.3,458.17 3 0
github.com/armory/dinghy/pkg/web/routes.go:466.3,471.61 2 0
github.com/armory/dinghy/pkg/web/routes.go:473.40,478.17 4 0
github.com/armory/dinghy/pkg/web/routes.go:483.3,485.56 3 0
github.com/armory/dinghy/pkg/web/routes.go:491.3,491.72 1 0
github.com/armory/dinghy/pkg/web/routes.go:497.3,505.17 4 0
github.com/armory/dinghy/pkg/web/routes.go:513.3,518.61 2 0
github.com/armory/dinghy/pkg/web/routes.go:520.10,522.9 2 0
github.com/armory/dinghy/pkg/web/routes.go:438.17,442.4 3 0
github.com/armory/dinghy/pkg/web/routes.go:445.56,449.4 3 0
github.com/armory/dinghy/pkg/web/routes.go:458.17,461.4 2 0
github.com/armory/dinghy/pkg/web/routes.go:478.17,482.4 3 0
github.com/armory/dinghy/pkg/web/routes.go:485.56,489.4 3 0
github.com/armory/dinghy/pkg/web/routes.go:491.72,495.4 2 0
github.com/armory/dinghy/pkg/web/routes.go:505.17,508.4 2 0
github.com/armory/dinghy/pkg/web/routes.go:531.86,533.47 1 0
github.com/armory/dinghy/pkg/web/routes.go:542.2,548.37 4 0
github.com/armory/dinghy/pkg/web/routes.go:568.2,568.42 1 0
github.com/armory/dinghy/pkg/web/routes.go:533.47,536.37 3 0
github.com/armory/dinghy/pkg/web/routes.go:539.3,539.17 1 0
github.com/armory/dinghy/pkg/web/routes.go:536.37,538.4 1 0
github.com/armory/dinghy/pkg/web/routes.go:548.37,550.64 2 0
github.com/armory/dinghy/pkg/web/routes.go:550.64,555.18 3 0
github.com/armory/dinghy/pkg/web/routes.go:565.4,565.105 1 0
github.com/armory/dinghy/pkg/web/routes.go:555.18,556.43 1 0
github.com/armory/dinghy/pkg/web/routes.go:563.5,563.45 1 0
github.com/armory/dinghy/pkg/web/routes.go:556.43,559.6 2 0
github.com/armory/dinghy/pkg/web/routes.go:559.11,562.6 2 0
github.com/armory/dinghy/pkg/web/routes.go:573.157,577.66 2 0
github.com/armory/dinghy/pkg/web/routes.go:591.2,595.62 3 0
github.com/armory/dinghy/pkg/web/routes.go:600.2,618.16 2 0
github.com/armory/dinghy/pkg/web/routes.go:624.2,630.40 5 0
github.com/armory/dinghy/pkg/web/routes.go:643.2,643.40 1 0
github.com/armory/dinghy/pkg/web/routes.go:667.2,667.40 1 0
github.com/armory/dinghy/pkg/web/routes.go:682.2,682.42 1 0
github.com/armory/dinghy/pkg/web/routes.go:577.66,578.29 1 0
github.com/armory/dinghy/pkg/web/routes.go:578.29,581.4 2 0
github.com/armory/dinghy/pkg/web/routes.go:582.8,585.20 2 0
github.com/armory/dinghy/pkg/web/routes.go:585.20,588.4 2 0
github.com/armory/dinghy/pkg/web/routes.go:595.62,597.3 1 0
github.com/armory/dinghy/pkg/web/routes.go:618.16,622.3 3 0
github.com/armory/dinghy/pkg/web/routes.go:630.40,635.3 4 0
github.com/armory/dinghy/pkg/web/routes.go:635.8,635.23 1 0
github.com/armory/dinghy/pkg/web/routes.go:635.23,640.3 4 0
github.com/armory/dinghy/pkg/web/routes.go:643.40,648.34 2 0
github.com/armory/dinghy/pkg/web/routes.go:662.3,662.110 1 0
github.com/armory/dinghy/pkg/web/routes.go:648.34,649.90 1 0
github.com/armory/dinghy/pkg/web/routes.go:649.90,650.23 1 0
github.com/armory/dinghy/pkg/web/routes.go:656.5,659.11 4 0
github.com/armory/dinghy/pkg/web/routes.go:651.38,652.54 1 0
github.com/armory/dinghy/pkg/web/routes.go:653.13,654.65 1 0
github.com/armory/dinghy/pkg/web/routes.go:667.40,668.25 1 0
github.com/armory/dinghy/pkg/web/routes.go:668.25,670.4 1 0
github.com/armory/dinghy/pkg/web/routes.go:671.8,673.38 2 0
github.com/armory/dinghy/pkg/web/routes.go:678.3,678.27 1 0
github.com/armory/dinghy/pkg/web/routes.go:673.38,674.57 1 0
github.com/armory/dinghy/pkg/web/routes.go:674.57,676.5 1 0
github.com/armory/dinghy/pkg/web/routes.go:678.27,680.4 1 0
github.com/armory/dinghy/pkg/web/routes_logevents.go:25.134,28.2 2 0
github.com/armory/dinghy/pkg/web/routes_logevents.go:30.136,33.2 2 0
github.com/armory/dinghy/pkg/web/routes_logevents.go:35.144,36.86 1 0
github.com/armory/dinghy/pkg/web/routes_logevents.go:36.86,40.3 3 0
github.com/armory/dinghy/pkg/web/routes_logevents.go:43.86,44.24 1 0
github.com/armory/dinghy/pkg/web/routes_logevents.go:47.2,47.25 1 0
github.com/armory/dinghy/pkg/web/routes_logevents.go:50.2,50.27 1 0
github.com/armory/dinghy/pkg/web/routes_logevents.go:53.2,53.29 1 0
github.com/armory/dinghy/pkg/web/routes_logevents.go:56.2,56.17 1 0
github.com/armory/dinghy/pkg/web/routes_logevents.go:44.24,46.3 1 0
github.com/armory/dinghy/pkg/web/routes_logevents.go:47.25,49.3 1 0
github.com/armory/dinghy/pkg/web/routes_logevents.go:50.27,52.3 1 0
github.com/armory/dinghy/pkg/web/routes_logevents.go:53.29,55.3 1 0
github.com/armory/dinghy/pkg/git/github/github.go:46.91,52.16 4 5
github.com/armory/dinghy/pkg/git/github/github.go:56.2,56.20 1 5
github.com/armory/dinghy/pkg/git/github/github.go:52.16,54.3 1 0
github.com/armory/dinghy/pkg/git/github/github.go:59.83,62.16 3 0
github.com/armory/dinghy/pkg/git/github/github.go:66.2,68.16 3 0
github.com/armory/dinghy/pkg/git/github/github.go:78.2,82.24 4 0
github.com/armory/dinghy/pkg/git/github/github.go:62.16,64.3 1 0
github.com/armory/dinghy/pkg/git/github/github.go:68.16,69.48 1 0
github.com/armory/dinghy/pkg/git/github/github.go:72.3,72.48 1 0
github.com/armory/dinghy/pkg/git/github/github.go:75.3,75.17 1 0
github.com/armory/dinghy/pkg/git/github/github.go:69.48,71.4 1 0
github.com/armory/dinghy/pkg/git/github/github.go:72.48,74.4 1 0
github.com/armory/dinghy/pkg/git/github/github.go:85.76,95.16 4 2
github.com/armory/dinghy/pkg/git/github/github.go:99.2,100.16 2 2
github.com/armory/dinghy/pkg/git/github/github.go:106.2,106.12 1 1
github.com/armory/dinghy/pkg/git/github/github.go:95.16,97.3 1 0
github.com/armory/dinghy/pkg/git/github/github.go:100.16,101.48 1 1
github.com/armory/dinghy/pkg/git/github/github.go:104.3,104.13 1 1
github.com/armory/dinghy/pkg/git/github/github.go:101.48,103.4 1 0
github.com/armory/dinghy/pkg/git/github/github.go:109.84,113.16 3 3
github.com/armory/dinghy/pkg/git/github/github.go:117.2,118.24 2 3
github.com/armory/dinghy/pkg/git/github/github.go:125.2,125.26 1 2
github.com/armory/dinghy/pkg/git/github/github.go:113.16,115.3 1 0
github.com/armory/dinghy/pkg/git/github/github.go:118.24,119.56 1 1
github.com/armory/dinghy/pkg/git/github/github.go:122.3,122.26 1 1
github.com/armory/dinghy/pkg/git/github/github.go:119.56,121.4 1 0
github.com/armory/dinghy/pkg/git/github/github.go:128.90,132.16 3 0
github.com/armory/dinghy/pkg/git/github/github.go:136.2,138.16 2 0
github.com/armory/dinghy/pkg/git/github/github.go:141.2,141.27 1 0
github.com/armory/dinghy/pkg/git/github/github.go:132.16,134.3 1 0
github.com/armory/dinghy/pkg/git/github/github.go:138.16,140.3 1 0
github.com/armory/dinghy/pkg/git/github/github.go:141.27,143.3 1 0
github.com/armory/dinghy/pkg/git/github/github.go:143.8,145.3 1 0
github.com/armory/dinghy/pkg/git/github/github.go:148.63,156.8 5 0
github.com/armory/dinghy/pkg/git/github/github.go:163.2,163.12 1 0
github.com/armory/dinghy/pkg/git/github/github.go:156.8,158.9 2 0
github.com/armory/dinghy/pkg/git/github/github.go:158.9,160.4 1 0
github.com/armory/dinghy/pkg/git/github/github.go:166.39,168.2 1 0
github.com/armory/dinghy/pkg/git/github/github.go:170.36,172.2 1 0
github.com/armory/dinghy/pkg/git/github/push.go:52.45,53.31 1 0
github.com/armory/dinghy/pkg/git/github/push.go:61.2,61.14 1 0
github.com/armory/dinghy/pkg/git/github/push.go:53.31,57.43 2 0
github.com/armory/dinghy/pkg/git/github/push.go:57.43,59.4 1 0
github.com/armory/dinghy/pkg/git/github/push.go:65.47,66.22 1 0
github.com/armory/dinghy/pkg/git/github/push.go:69.2,69.30 1 0
github.com/armory/dinghy/pkg/git/github/push.go:74.2,74.14 1 0
github.com/armory/dinghy/pkg/git/github/push.go:66.22,68.3 1 0
github.com/armory/dinghy/pkg/git/github/push.go:69.30,70.58 1 0
github.com/armory/dinghy/pkg/git/github/push.go:70.58,72.4 1 0
github.com/armory/dinghy/pkg/git/github/push.go:78.33,80.22 2 0
github.com/armory/dinghy/pkg/git/github/push.go:83.2,83.30 1 0
github.com/armory/dinghy/pkg/git/github/push.go:87.2,87.12 1 0
github.com/armory/dinghy/pkg/git/github/push.go:80.22,82.3 1 0
github.com/armory/dinghy/pkg/git/github/push.go:83.30,86.3 2 0
github.com/armory/dinghy/pkg/git/github/push.go:91.30,93.2 1 6
github.com/armory/dinghy/pkg/git/github/push.go:96.29,97.37 1 10
github.com/armory/dinghy/pkg/git/github/push.go:101.2,101.33 1 2
github.com/armory/dinghy/pkg/git/github/push.go:97.37,99.3 1 8
github.com/armory/dinghy/pkg/git/github/push.go:105.32,107.2 1 7
github.com/armory/dinghy/pkg/git/github/push.go:109.50,113.2 1 3
github.com/armory/dinghy/pkg/git/github/push.go:117.32,119.2 1 0
github.com/armory/dinghy/pkg/git/github/push.go:122.30,124.2 1 0
github.com/armory/dinghy/pkg/git/github/status.go:42.71,43.30 1 2
github.com/armory/dinghy/pkg/git/github/status.go:43.30,45.75 2 2
github.com/armory/dinghy/pkg/git/github/status.go:45.75,48.4 2 1
github.com/armory/dinghy/pkg/git/github/status.go:52.62,54.16 2 3
github.com/armory/dinghy/pkg/git/github/status.go:58.2,58.34 1 2
github.com/armory/dinghy/pkg/git/github/status.go:63.2,63.20 1 1
github.com/armory/dinghy/pkg/git/github/status.go:54.16,57.3 2 1
github.com/armory/dinghy/pkg/git/github/status.go:58.34,59.38 1 5
github.com/armory/dinghy/pkg/git/github/status.go:59.38,61.4 1 1
github.com/armory/dinghy/pkg/git/github/status.go:67.38,69.32 2 0
github.com/armory/dinghy/pkg/git/github/status.go:72.2,72.15 1 0
github.com/armory/dinghy/pkg/git/github/status.go:69.32,71.3 1 0
github.com/armory/dinghy/pkg/git/github/status.go:75.74,79.28 3 2
github.com/armory/dinghy/pkg/git/github/status.go:83.2,88.3 1 2
github.com/armory/dinghy/pkg/git/github/status.go:79.28,81.3 1 0
github.com/armory/dinghy/pkg/git/github/validateSecret.go:11.103,13.26 2 0
github.com/armory/dinghy/pkg/git/github/validateSecret.go:17.2,18.50 2 0
github.com/armory/dinghy/pkg/git/github/validateSecret.go:23.2,26.17 4 0
github.com/armory/dinghy/pkg/git/github/validateSecret.go:29.2,29.19 1 0
github.com/armory/dinghy/pkg/git/github/validateSecret.go:13.26,15.3 1 0
github.com/armory/dinghy/pkg/git/github/validateSecret.go:18.50,21.3 2 0
github.com/armory/dinghy/pkg/git/github/validateSecret.go:26.17,28.3 1 0
github.com/armory/dinghy/pkg/git/github/download.go:41.80,49.16 3 3
github.com/armory/dinghy/pkg/git/github/download.go:61.2,61.20 1 3
github.com/armory/dinghy/pkg/git/github/download.go:49.16,51.47 1 2
github.com/armory/dinghy/pkg/git/github/download.go:51.47,54.74 2 1
github.com/armory/dinghy/pkg/git/github/download.go:58.4,58.62 1 1
github.com/armory/dinghy/pkg/git/github/download.go:54.74,57.5 2 0
github.com/armory/dinghy/pkg/git/github/download.go:64.84,73.16 4 4
github.com/armory/dinghy/pkg/git/github/download.go:77.2,78.16 2 4
github.com/armory/dinghy/pkg/git/github/download.go:83.2,85.22 2 1
github.com/armory/dinghy/pkg/git/github/download.go:73.16,75.3 1 0
github.com/armory/dinghy/pkg/git/github/download.go:78.16,81.3 2 3
github.com/armory/dinghy/pkg/git/github/download.go:88.88,91.16 3 7
github.com/armory/dinghy/pkg/git/github/download.go:94.2,94.47 1 7
github.com/armory/dinghy/pkg/git/github/download.go:97.2,100.16 3 7
github.com/armory/dinghy/pkg/git/github/download.go:105.2,105.50 1 5
github.com/armory/dinghy/pkg/git/github/download.go:115.2,117.48 2 3
github.com/armory/dinghy/pkg/git/github/download.go:121.2,121.41 1 3
github.com/armory/dinghy/pkg/git/github/download.go:125.2,125.24 1 3
github.com/armory/dinghy/pkg/git/github/download.go:91.16,93.3 1 0
github.com/armory/dinghy/pkg/git/github/download.go:94.47,96.3 1 0
github.com/armory/dinghy/pkg/git/github/download.go:100.16,102.3 1 2
github.com/armory/dinghy/pkg/git/github/download.go:105.50,106.48 1 2
github.com/armory/dinghy/pkg/git/github/download.go:109.3,109.48 1 2
github.com/armory/dinghy/pkg/git/github/download.go:112.3,112.17 1 1
github.com/armory/dinghy/pkg/git/github/download.go:106.48,108.4 1 0
github.com/armory/dinghy/pkg/git/github/download.go:109.48,111.4 1 1
github.com/armory/dinghy/pkg/git/github/download.go:117.48,119.3 1 0
github.com/armory/dinghy/pkg/git/github/download.go:121.41,123.3 1 0
github.com/armory/dinghy/pkg/git/github/download.go:129.72,133.2 2 17
github.com/armory/dinghy/pkg/git/github/download.go:136.78,145.2 8 2
